Desktop is 1280 x 720 @ 60 Hz
Initialize engine version: 2018.4.25f1 (b07bfa0a8827)
GfxDevice: creating device client; threaded=1
Renderer: Mesa Intel(R) HD Graphics 620 (KBL GT2)
Vendor:   Intel
Version:  4.6 (Core Profile) Mesa 21.2.5
GLES:     0
 GL_3DFX_texture_compression_FXT1 GL_AMD_conservative_depth GL_AMD_depth_clamp_separate GL_AMD_draw_buffers_blend GL_AMD_gpu_shader_int64 GL_AMD_multi_draw_indirect GL_AMD_performance_monitor GL_AMD_pinned_memory GL_AMD_query_buffer_object GL_AMD_seamless_cubemap_per_texture GL_AMD_shader_stencil_export GL_AMD_shader_trinary_minmax GL_AMD_texture_texture4 GL_AMD_vertex_shader_layer GL_AMD_vertex_shader_viewport_index GL_ANGLE_texture_compression_dxt3 GL_ANGLE_texture_compression_dxt5 GL_ARB_ES2_compatibility GL_ARB_ES3_1_compatibility GL_ARB_ES3_2_compatibility GL_ARB_ES3_compatibility GL_ARB_arrays_of_arrays GL_ARB_base_instance GL_ARB_blend_func_extended GL_ARB_buffer_storage GL_ARB_clear_buffer_object GL_ARB_clear_texture GL_ARB_clip_control GL_ARB_compressed_texture_pixel_storage GL_ARB_compute_shader GL_ARB_compute_variable_group_size GL_ARB_conditional_render_inverted GL_ARB_conservative_depth GL_ARB_copy_buffer GL_ARB_copy_image GL_ARB_cull_distance GL_ARB_debug_output GL_ARB_depth_buffer_float GL_ARB
_depth_clamp GL_ARB_derivative_control GL_ARB_direct_state_access GL_ARB_draw_buffers GL_ARB_draw_buffers_blend GL_ARB_draw_elements_base_vertex GL_ARB_draw_indirect GL_ARB_draw_instanced GL_ARB_enhanced_layouts GL_ARB_explicit_attrib_location GL_ARB_explicit_uniform_location GL_ARB_fragment_coord_conventions GL_ARB_fragment_layer_viewport GL_ARB_fragment_shader GL_ARB_fragment_shader_interlock GL_ARB_framebuffer_no_attachments GL_ARB_framebuffer_object GL_ARB_framebuffer_sRGB GL_ARB_get_program_binary GL_ARB_get_texture_sub_image GL_ARB_gl_spirv GL_ARB_gpu_shader5 GL_ARB_gpu_shader_fp64 GL_ARB_gpu_shader_int64 GL_ARB_half_float_pixel GL_ARB_half_float_vertex GL_ARB_indirect_parameters GL_ARB_instanced_arrays GL_ARB_internalformat_query GL_ARB_internalformat_query2 GL_ARB_invalidate_subdata GL_ARB_map_buffer_alignment GL_ARB_map_buffer_range GL_ARB_multi_bind GL_ARB_multi_draw_indirect GL_ARB_occlusion_query2 GL_ARB_parallel_shader_compile GL_ARB_pipeline_statistics_query GL_ARB_pixel_buffer_object GL_ARB_po
int_sprite GL_ARB_polygon_offset_clamp GL_ARB_post_depth_coverage GL_ARB_program_interface_query GL_ARB_provoking_vertex GL_ARB_query_buffer_object GL_ARB_robust_buffer_access_behavior GL_ARB_robustness GL_ARB_sample_shading GL_ARB_sampler_objects GL_ARB_seamless_cube_map GL_ARB_seamless_cubemap_per_texture GL_ARB_separate_shader_objects GL_ARB_shader_atomic_counter_ops GL_ARB_shader_atomic_counters GL_ARB_shader_ballot GL_ARB_shader_bit_encoding GL_ARB_shader_clock GL_ARB_shader_draw_parameters GL_ARB_shader_group_vote GL_ARB_shader_image_load_store GL_ARB_shader_image_size GL_ARB_shader_objects GL_ARB_shader_precision GL_ARB_shader_stencil_export GL_ARB_shader_storage_buffer_object GL_ARB_shader_subroutine GL_ARB_shader_texture_image_samples GL_ARB_shader_texture_lod GL_ARB_shader_viewport_layer_array GL_ARB_shading_language_420pack GL_ARB_shading_language_include GL_ARB_shading_language_packing GL_ARB_spirv_extensions GL_ARB_stencil_texturing GL_ARB_sync GL_ARB_tessellation_shader GL_ARB_texture_barrier G
L_ARB_texture_buffer_object GL_ARB_texture_buffer_object_rgb32 GL_ARB_texture_buffer_range GL_ARB_texture_compression_bptc GL_ARB_texture_compression_rgtc GL_ARB_texture_cube_map_array GL_ARB_texture_filter_anisotropic GL_ARB_texture_float GL_ARB_texture_gather GL_ARB_texture_mirror_clamp_to_edge GL_ARB_texture_multisample GL_ARB_texture_non_power_of_two GL_ARB_texture_query_levels GL_ARB_texture_query_lod GL_ARB_texture_rectangle GL_ARB_texture_rg GL_ARB_texture_rgb10_a2ui GL_ARB_texture_stencil8 GL_ARB_texture_storage GL_ARB_texture_storage_multisample GL_ARB_texture_swizzle GL_ARB_texture_view GL_ARB_timer_query GL_ARB_transform_feedback2 GL_ARB_transform_feedback3 GL_ARB_transform_feedback_instanced GL_ARB_transform_feedback_overflow_query GL_ARB_uniform_buffer_object GL_ARB_vertex_array_bgra GL_ARB_vertex_array_object GL_ARB_vertex_attrib_64bit GL_ARB_vertex_attrib_binding GL_ARB_vertex_buffer_object GL_ARB_vertex_shader GL_ARB_vertex_type_10f_11f_11f_rev GL_ARB_vertex_type_2_10_10_10_rev GL_ARB_viewpor
t_array GL_ATI_blend_equation_separate GL_ATI_texture_float GL_EXT_EGL_image_storage GL_EXT_EGL_sync GL_EXT_abgr GL_EXT_blend_equation_separate GL_EXT_demote_to_helper_invocation GL_EXT_draw_buffers2 GL_EXT_draw_instanced GL_EXT_framebuffer_blit GL_EXT_framebuffer_multisample GL_EXT_framebuffer_multisample_blit_scaled GL_EXT_framebuffer_object GL_EXT_framebuffer_sRGB GL_EXT_memory_object GL_EXT_memory_object_fd GL_EXT_packed_depth_stencil GL_EXT_packed_float GL_EXT_pixel_buffer_object GL_EXT_polygon_offset_clamp GL_EXT_provoking_vertex GL_EXT_semaphore GL_EXT_semaphore_fd GL_EXT_shader_framebuffer_fetch GL_EXT_shader_framebuffer_fetch_non_coherent GL_EXT_shader_integer_mix GL_EXT_shader_samples_identical GL_EXT_texture_array GL_EXT_texture_compression_dxt1 GL_EXT_texture_compression_rgtc GL_EXT_texture_compression_s3tc GL_EXT_texture_filter_anisotropic GL_EXT_texture_integer GL_EXT_texture_sRGB GL_EXT_texture_sRGB_R8 GL_EXT_texture_sRGB_decode GL_EXT_texture_shadow_lod GL_EXT_texture_shared_exponent GL_EXT_t
exture_snorm GL_EXT_texture_swizzle GL_EXT_timer_query GL_EXT_transform_feedback GL_EXT_vertex_array_bgra GL_EXT_vertex_attrib_64bit GL_IBM_multimode_draw_arrays GL_INTEL_blackhole_render GL_INTEL_conservative_rasterization GL_INTEL_performance_query GL_INTEL_shader_atomic_float_minmax GL_INTEL_shader_integer_functions2 GL_KHR_blend_equation_advanced GL_KHR_blend_equation_advanced_coherent GL_KHR_context_flush_control GL_KHR_debug GL_KHR_no_error GL_KHR_parallel_shader_compile GL_KHR_robust_buffer_access_behavior GL_KHR_robustness GL_KHR_texture_compression_astc_ldr GL_KHR_texture_compression_astc_sliced_3d GL_MESA_framebuffer_flip_y GL_MESA_pack_invert GL_MESA_shader_integer_functions GL_MESA_texture_signed_rgba GL_NV_compute_shader_derivatives GL_NV_conditional_render GL_NV_copy_image GL_NV_depth_clamp GL_NV_fragment_shader_interlock GL_NV_packed_depth_stencil GL_NV_texture_barrier GL_OES_EGL_image GL_S3_s3tc
OPENGL LOG: Creating OpenGL 4.6 graphics device ; Context level  <OpenGL 4.5> ; Context handle 62662928
Begin MonoManager ReloadAssembly
- Completed reload, in  0.179 seconds
Default vsync count 1
requesting resize 1280 x 720
Using native desktop resolution 1280 x 720
requesting fullscreen 1280 x 720 at 0 Hz
Desktop is 1280 x 720 @ 60 Hz
UnloadTime: 0.481000 ms
No AchievementsMappingList file was loaded from the resources
 
(Filename: ./Runtime/Export/Debug.bindings.h Line: 45)

Unloading 6 Unused Serialized files (Serialized files now loaded: 0)
UnloadTime: 0.303000 ms

Unloading 7 unused Assets to reduce memory usage. Loaded Objects now: 3567.
Total: 18.676000 ms (FindLiveObjects: 0.448000 ms CreateObjectMapping: 0.194000 ms MarkObjects: 17.974000 ms  DeleteObjects: 0.060000 ms)

Routing server: <color=white>https://routing.faeria.com:8086</color>
Debug mode: <color=white>False</color>
Does disable auto login mode: <color=white>False</color>
Setting up 2 worker threads for Enlighten.
  Thread -> id: 7f0ae85f0640 -> priority: 1 
  Thread -> id: 7f0ae7def640 -> priority: 1 
LocalisationManager is initialised
Client version number : <color=white>2.21.7536.27532</color>
NotLoggedInState.TryLogin
NotLoggedInState.TryLogin - GetLoginStatus
NotLoggedInState.TryLogin - locCanMoveToMainMenu
[NotLoggedInState.OnPlatformLoginSucceeded] Set ApplicationManager.uniqueUserId to 76561197979643595.
[INFO]: Obtained steam authticket
CheckServerStatusState - LoadServerStatus - SendGetWebRequestCoroutine - HasNetwork? True
HandleWebRequestDtoResponse - Enter - URL : https://routing.faeria.com:8086/server_status.PROD.json
HandleWebRequestDtoResponse - After SendWebRequest
HandleWebRequestDtoResponse - After SendWebRequest - locRequestResult : {
    "statusMessages": []
}
CheckServerStatusState - OnServerStatusResponse
RequestAuthTokenCoroutineRoutingServer
{
    "serverType": 2,
    "serverIp": "https://routing.faeria.com",
    "serverPort": 8086,
    "usesWebSockets": false,
    "token": "",
    "ownedDlcIds": "",
    "nonce": 0,
    "httpErrorCode": 0,
    "errorCode": 0,
    "isInitialised": false,
    "isAuthenticated": false,
    "infraType": 3,
    "forceServerIp": ""
}
[INFO]: Obtained steam authticket
Token for <color=white>https://routing.faeria.com</color>:
1400000076393301BA87EDD6CBAE270101001001B6FDA461180000000100000002000000A8B6F8FB494A2D3000D6B20102000000D00000005000000004000000CBAE270101001001040F060058CBA72D7144A8C000000000B861A2613811BE610100EE5104000500886F0D000000896F0D000000A4570E000000EE760E0000000A18100000000000B420D5605BE4CB0905C40AA1C4D7F37FC09B0090560190FCF2F046221ACA668BE8306006EAAF431E30747979BB78B8F3FA1C9C773C90B4B21CBE58A85040DC31DED5F92CCB2DC09C45314A698BB7E608F9F21E378CDE35BC3D6DE28D31D95BDB732D3BA9F8E35CAE6E3809D7B624A962ED35C4E5F26ACCB929ED2C5CC01FF689
RoutingTableRequest_v0002
 {
    "token": "1400000076393301BA87EDD6CBAE270101001001B6FDA461180000000100000002000000A8B6F8FB494A2D3000D6B20102000000D00000005000000004000000CBAE270101001001040F060058CBA72D7144A8C000000000B861A2613811BE610100EE5104000500886F0D000000896F0D000000A4570E000000EE760E0000000A18100000000000B420D5605BE4CB0905C40AA1C4D7F37FC09B0090560190FCF2F046221ACA668BE8306006EAAF431E30747979BB78B8F3FA1C9C773C90B4B21CBE58A85040DC31DED5F92CCB2DC09C45314A698BB7E608F9F21E378CDE35BC3D6DE28D31D95BDB732D3BA9F8E35CAE6E3809D7B624A962ED35C4E5F26ACCB929ED2C5CC01FF689",
    "infraType": "PROD",
    "runtimePlatform": "LinuxPlayer",
    "clientStorePlatform": "STEAM",
    "forcedServerIp": "",
    "clientVersion": "2.21.7536.27532"
}
HandleWebRequestDtoResponse - Enter - URL : https://routing.faeria.com:8086/getRoutingTable/v0002
HandleWebRequestDtoResponse - After SendWebRequest
HandleWebRequestDtoResponse - After SendWebRequest - locRequestResult : {
  "infraType" : "PROD",
  "routingEntries" : [ {
    "serverType" : "WorldServer",
    "ip" : "world-prod.faeria.com",
    "port" : 2301,
    "usesWebSockets" : true
  }, {
    "serverType" : "TranslationServer",
    "ip" : "translator.faeria.com",
    "port" : 30006,
    "usesWebSockets" : false
  } ]
}
Received <color=white>Routing Table</color> :
{
    "infraType": 3,
    "routingEntries": [
        {
            "serverType": "WorldServer",
            "ip": "world-prod.faeria.com",
            "port": 2301,
            "usesWebSockets": true
        },
        {
            "serverType": "TranslationServer",
            "ip": "translator.faeria.com",
            "port": 30006,
            "usesWebSockets": false
        }
    ]
}
RequestAuthTokenCoroutineTranslationServer
{
    "serverType": 3,
    "serverIp": "https://translator.faeria.com",
    "serverPort": 30006,
    "usesWebSockets": false,
    "token": "",
    "ownedDlcIds": "",
    "nonce": 0,
    "httpErrorCode": 0,
    "errorCode": 0,
    "isInitialised": false,
    "isAuthenticated": false,
    "infraType": 0,
    "forceServerIp": ""
}
[INFO]: Obtained steam authticket
Token for <color=white>https://translator.faeria.com</color>:
14000000E7D55B3F11CF2658CBAE270101001001B6FDA461180000000100000002000000C25BACE4617F64F505E0B20103000000D00000005000000004000000CBAE270101001001040F060058CBA72D7144A8C000000000B861A2613811BE610100EE5104000500886F0D000000896F0D000000A4570E000000EE760E0000000A18100000000000B420D5605BE4CB0905C40AA1C4D7F37FC09B0090560190FCF2F046221ACA668BE8306006EAAF431E30747979BB78B8F3FA1C9C773C90B4B21CBE58A85040DC31DED5F92CCB2DC09C45314A698BB7E608F9F21E378CDE35BC3D6DE28D31D95BDB732D3BA9F8E35CAE6E3809D7B624A962ED35C4E5F26ACCB929ED2C5CC01FF689
[WARNING]: No joystick found with the id 0
 
(Filename: ./Runtime/Export/Debug.bindings.h Line: 45)

Internal: JobTempAlloc has allocations that are more than 4 frames old - this is not allowed and likely a leak
 
(Filename:  Line: 537)

To Debug, enable the define: TLA_DEBUG_STACK_LEAK in ThreadsafeLinearAllocator.cpp. This will output the callstacks of the leaked allocations
 
(Filename:  Line: 539)

Internal: deleting an allocation that is older than its permitted lifetime of 4 frames (age = 11)
 
(Filename:  Line: 311)

Unloading 3 Unused Serialized files (Serialized files now loaded: 16)
UnloadTime: 14.096000 ms
ApplicationManager Awake
/home/yasha/.config/unity3d/Abrakam Entertainment SA/Faeria
FetchGameServersIPs - START
 
(Filename: ./Runtime/Export/Debug.bindings.h Line: 45)

FetchGameServersIPs - WaitUntil HasNetwork START
 
(Filename: ./Runtime/Export/Debug.bindings.h Line: 45)


Unloading 142 unused Assets to reduce memory usage. Loaded Objects now: 17330.
Total: 66.763000 ms (FindLiveObjects: 0.949000 ms CreateObjectMapping: 0.600000 ms MarkObjects: 64.743000 ms  DeleteObjects: 0.470000 ms)

FetchGameServersIPs - WaitUntil HasNetwork END
 
(Filename: ./Runtime/Export/Debug.bindings.h Line: 45)

HandleWebRequestDtoResponse - Enter - URL : https://routing.faeria.com:8086/game_servers_ips.PROD.json
Scene[<color=orange>WELCOME</color>] loading time = <color=cyan>0.1274281</color>
HandleWebRequestDtoResponse - After SendWebRequest
HandleWebRequestDtoResponse - After SendWebRequest - locRequestResult : {
    "regions": [
        {
            "region": "US",
            "servers": [
                "game1-us-prod.faeria.com"
            ]
        },
        {
            "region": "EU",
            "servers": [
                "game1-eu-prod.faeria.com"
            ]
        },
        {
            "region": "AS",
            "servers": [
                "game1-as-prod.faeria.com"
            ]
        }
    ]
}

ApplicationManager.OnGameServersIpsResponse
ApplicationManager.PingGameServersCoroutine - Wait WorldNetworkManager.IsConnected()
ApplicationManager.PingGameServersCoroutine - Wait WorldNetworkManager.IsConnected()
ApplicationManager.PingGameServersCoroutine - Wait WorldNetworkManager.IsConnected()
FetchGameServersIPs - END
 
(Filename: ./Runtime/Export/Debug.bindings.h Line: 45)

RequestAuthTokenCoroutineWorldServer
{
    "serverType": 0,
    "serverIp": "world-prod.faeria.com",
    "serverPort": 2301,
    "usesWebSockets": true,
    "token": "",
    "ownedDlcIds": "",
    "nonce": 0,
    "httpErrorCode": 0,
    "errorCode": 0,
    "isInitialised": false,
    "isAuthenticated": false,
    "infraType": 0,
    "forceServerIp": ""
}
[INFO]: Obtained steam authticket
ApplicationManager.PingGameServersCoroutine - WorldNetworkManager.IsConnected() return true.
NetworkUtilities - PingTcp - 54.226.176.175 - START
ApplicationManager.PingGameServersCoroutine - WorldNetworkManager.IsConnected() return true.
NetworkUtilities - PingTcp - 3.125.43.18 - START
ApplicationManager.PingGameServersCoroutine - WorldNetworkManager.IsConnected() return true.
NetworkUtilities - PingTcp - 54.254.194.167 - START
Token for <color=white>world-prod.faeria.com</color>:
140000001D04D84C0B383B12CBAE270101001001B6FDA4611800000001000000020000008AD88F18DFC937326D1FB30104000000D00000005000000004000000CBAE270101001001040F060058CBA72D7144A8C000000000B861A2613811BE610100EE5104000500886F0D000000896F0D000000A4570E000000EE760E0000000A18100000000000B420D5605BE4CB0905C40AA1C4D7F37FC09B0090560190FCF2F046221ACA668BE8306006EAAF431E30747979BB78B8F3FA1C9C773C90B4B21CBE58A85040DC31DED5F92CCB2DC09C45314A698BB7E608F9F21E378CDE35BC3D6DE28D31D95BDB732D3BA9F8E35CAE6E3809D7B624A962ED35C4E5F26ACCB929ED2C5CC01FF689
NetworkUtilities - PingTcp - 3.125.43.18 - ConnectAsync
NetworkUtilities - PingTcp - 54.254.194.167 - ConnectAsync
NetworkUtilities - PingTcp - 54.226.176.175 - ConnectAsync
NetworkUtilities - PingTcp - 54.226.176.175 - TrySetResult 774.5286
NetworkUtilities - PingTcp - 3.125.43.18 - TrySetResult 774.5355
ApplicationManager.PingGameServersCoroutine - WaitForSeconds(GAMESERVERS_PING_REFRESH).
ApplicationManager.PingGameServersCoroutine - WaitForSeconds(GAMESERVERS_PING_REFRESH).
Add faeria friend social user. FaeriaId: 518250, PlatformId: 76561198118200384, UserName: Stormind
Add faeria friend social user. FaeriaId: 547415, PlatformId: 76561198133130770, UserName: PapaRoach
Add faeria friend social user. FaeriaId: 44829, PlatformId: 76561197990316890, UserName: shalkys
Add faeria friend social user. FaeriaId: 9149, PlatformId: 76561197963845272, UserName: Brundle
Add faeria friend social user. FaeriaId: 131465, PlatformId: 76561198077989091, UserName: Zydar
Add faeria friend social user. FaeriaId: 342963, PlatformId: 76561198233295224, UserName: Skrifar
Player SupportId : PC72VH2Z
SignInSuccess - SessionsUtilities.DestroySession
Not in a session when destroying one
 
(Filename: ./Runtime/Export/Debug.bindings.h Line: 45)

TryJoinSessionUserInvite called. parSessionSearchResult is valid? False. SessionSearchResultToJoin is valid? False
OnSessionUserInviteAccepted Failed. No OnlineSessionSearchResult to join
 
(Filename: ./Runtime/Export/Debug.bindings.h Line: 45)

Message [<color=magenta>GO_TO_HOME</color>] to State [<color=yellow>WelcomeState</color>]
ChangeState[<color=yellow>WelcomeState</color>]->[<color=green>HomeState</color>]
SignInSuccess - OnUserSignedIn
SignInSuccess - Next
Unloading 2 Unused Serialized files (Serialized files now loaded: 16)

Unloading 490 unused Assets to reduce memory usage. Loaded Objects now: 17731.
Total: 92.405000 ms (FindLiveObjects: 3.689000 ms CreateObjectMapping: 1.331000 ms MarkObjects: 86.123000 ms  DeleteObjects: 1.260000 ms)

Scene[<color=orange>HOME</color>] loading time = <color=cyan>0.3584671</color>
Message [<color=magenta>GO_TO_PLAY_MENU</color>] to State [<color=yellow>HomeState</color>]
ChangeState[<color=yellow>HomeState</color>]->[<color=green>PlayMenuState</color>]
Unloading 2 Unused Serialized files (Serialized files now loaded: 16)

Unloading 5 unused Assets to reduce memory usage. Loaded Objects now: 20353.
Total: 92.828000 ms (FindLiveObjects: 2.172000 ms CreateObjectMapping: 1.084000 ms MarkObjects: 89.480000 ms  DeleteObjects: 0.091000 ms)

Scene[<color=orange>PLAY_MENU</color>] loading time = <color=cyan>0.4521561</color>
Message [<color=magenta>GO_TO_CONSTRUCTED_MODE</color>] to State [<color=yellow>PlayMenuState</color>]
ChangeState[<color=yellow>PlayMenuState</color>]->[<color=green>DeckSelectionState</color>]
Unloading 1 Unused Serialized files (Serialized files now loaded: 16)

Unloading 48 unused Assets to reduce memory usage. Loaded Objects now: 20356.
Total: 96.509000 ms (FindLiveObjects: 2.234000 ms CreateObjectMapping: 0.998000 ms MarkObjects: 93.021000 ms  DeleteObjects: 0.256000 ms)

Scene[<color=orange>DECK_SELECTION</color>] loading time = <color=cyan>0.3593597</color>
Message [<color=magenta>GO_TO_COLLECTION</color>] to State [<color=yellow>DeckSelectionState</color>]
ChangeState[<color=yellow>DeckSelectionState</color>]->[<color=green>CollectionState</color>]
Unloading 1 Unused Serialized files (Serialized files now loaded: 16)

Unloading 39 unused Assets to reduce memory usage. Loaded Objects now: 20361.
Total: 86.112000 ms (FindLiveObjects: 1.418000 ms CreateObjectMapping: 0.768000 ms MarkObjects: 83.699000 ms  DeleteObjects: 0.225000 ms)

Scene[<color=orange>COLLECTION</color>] loading time = <color=cyan>0.5132637</color>
TOOLTIP_BLUE does not exists in default dictionary : English
 
(Filename: ./Runtime/Export/Debug.bindings.h Line: 45)

ApplicationManager.PingGameServersCoroutine - WaitForSeconds(GAMESERVERS_PING_REFRESH) ENDED.
ApplicationManager.PingGameServersCoroutine - Wait WorldNetworkManager.IsConnected()
ApplicationManager.PingGameServersCoroutine - WaitForSeconds(GAMESERVERS_PING_REFRESH) ENDED.
ApplicationManager.PingGameServersCoroutine - Wait WorldNetworkManager.IsConnected()
ApplicationManager.PingGameServersCoroutine - WorldNetworkManager.IsConnected() return true.
NetworkUtilities - PingTcp - 54.226.176.175 - START
ApplicationManager.PingGameServersCoroutine - WorldNetworkManager.IsConnected() return true.
NetworkUtilities - PingTcp - 3.125.43.18 - START
NetworkUtilities - PingTcp - 54.226.176.175 - ConnectAsync
NetworkUtilities - PingTcp - 3.125.43.18 - ConnectAsync
NetworkUtilities - PingTcp - 3.125.43.18 - TrySetResult 6.2191
NetworkUtilities - PingTcp - 54.226.176.175 - TrySetResult 6.2394
ApplicationManager.PingGameServersCoroutine - WaitForSeconds(GAMESERVERS_PING_REFRESH).
ApplicationManager.PingGameServersCoroutine - WaitForSeconds(GAMESERVERS_PING_REFRESH).
Message [<color=magenta>GO_TO_HOME</color>] to State [<color=yellow>CollectionState</color>]
ChangeState[<color=yellow>CollectionState</color>]->[<color=green>HomeState</color>]
Unloading 2 Unused Serialized files (Serialized files now loaded: 16)

Unloading 145 unused Assets to reduce memory usage. Loaded Objects now: 20749.
Total: 127.379000 ms (FindLiveObjects: 1.198000 ms CreateObjectMapping: 0.630000 ms MarkObjects: 124.985000 ms  DeleteObjects: 0.566000 ms)

Scene[<color=orange>HOME</color>] loading time = <color=cyan>0.3392181</color>
Message [<color=magenta>GO_TO_PLAY_MENU</color>] to State [<color=yellow>HomeState</color>]
ChangeState[<color=yellow>HomeState</color>]->[<color=green>PlayMenuState</color>]
Unloading 1 Unused Serialized files (Serialized files now loaded: 16)

Unloading 5 unused Assets to reduce memory usage. Loaded Objects now: 20817.
Total: 161.290000 ms (FindLiveObjects: 2.829000 ms CreateObjectMapping: 1.824000 ms MarkObjects: 156.546000 ms  DeleteObjects: 0.091000 ms)

Scene[<color=orange>PLAY_MENU</color>] loading time = <color=cyan>0.4089813</color>
Message [<color=magenta>GO_TO_CONSTRUCTED_MODE</color>] to State [<color=yellow>PlayMenuState</color>]
ChangeState[<color=yellow>PlayMenuState</color>]->[<color=green>DeckSelectionState</color>]
Unloading 1 Unused Serialized files (Serialized files now loaded: 16)

Unloading 43 unused Assets to reduce memory usage. Loaded Objects now: 20816.
Total: 143.947000 ms (FindLiveObjects: 3.033000 ms CreateObjectMapping: 1.387000 ms MarkObjects: 139.300000 ms  DeleteObjects: 0.225000 ms)

Scene[<color=orange>DECK_SELECTION</color>] loading time = <color=cyan>0.3693695</color>
ApplicationManager.PingGameServersCoroutine - WaitForSeconds(GAMESERVERS_PING_REFRESH) ENDED.
ApplicationManager.PingGameServersCoroutine - Wait WorldNetworkManager.IsConnected()
ApplicationManager.PingGameServersCoroutine - WaitForSeconds(GAMESERVERS_PING_REFRESH) ENDED.
ApplicationManager.PingGameServersCoroutine - Wait WorldNetworkManager.IsConnected()
ApplicationManager.PingGameServersCoroutine - WorldNetworkManager.IsConnected() return true.
NetworkUtilities - PingTcp - 54.226.176.175 - START
NetworkUtilities - PingTcp - 54.226.176.175 - ConnectAsync
ApplicationManager.PingGameServersCoroutine - WorldNetworkManager.IsConnected() return true.
NetworkUtilities - PingTcp - 3.125.43.18 - START
NetworkUtilities - PingTcp - 3.125.43.18 - ConnectAsync
NetworkUtilities - PingTcp - 3.125.43.18 - TrySetResult 5.7867
NetworkUtilities - PingTcp - 54.226.176.175 - TrySetResult 6.489
ApplicationManager.PingGameServersCoroutine - WaitForSeconds(GAMESERVERS_PING_REFRESH).
ApplicationManager.PingGameServersCoroutine - WaitForSeconds(GAMESERVERS_PING_REFRESH).
NetworkUtilities - PingTcp - 54.254.194.167 - Exception System.Net.Sockets.SocketException (0x80004005): Connection timed out
  at System.Net.Sockets.TcpClient.Connect (System.String hostname, System.Int32 port) [0x0019d] in <245cba593bdc463bacb144cf356a8b4b>:0 
  at Abrakam.NetworkUtilities+<>c__DisplayClass12_0.<PingTcp>b__0 (System.Object state) [0x0002d] in <9e7db509c3c94e2bb6d090483cb7e0bf>:0 
ApplicationManager.PingGameServersCoroutine - WaitForSeconds(GAMESERVERS_PING_REFRESH).
ApplicationManager.PingGameServersCoroutine - WaitForSeconds(GAMESERVERS_PING_REFRESH) ENDED.
ApplicationManager.PingGameServersCoroutine - Wait WorldNetworkManager.IsConnected()
ApplicationManager.PingGameServersCoroutine - WaitForSeconds(GAMESERVERS_PING_REFRESH) ENDED.
ApplicationManager.PingGameServersCoroutine - Wait WorldNetworkManager.IsConnected()
ApplicationManager.PingGameServersCoroutine - WorldNetworkManager.IsConnected() return true.
NetworkUtilities - PingTcp - 54.226.176.175 - START
ApplicationManager.PingGameServersCoroutine - WorldNetworkManager.IsConnected() return true.
NetworkUtilities - PingTcp - 3.125.43.18 - START
NetworkUtilities - PingTcp - 54.226.176.175 - ConnectAsync
NetworkUtilities - PingTcp - 3.125.43.18 - ConnectAsync
NetworkUtilities - PingTcp - 3.125.43.18 - TrySetResult 5.8956
NetworkUtilities - PingTcp - 54.226.176.175 - TrySetResult 5.9382
ApplicationManager.PingGameServersCoroutine - WaitForSeconds(GAMESERVERS_PING_REFRESH).
ApplicationManager.PingGameServersCoroutine - WaitForSeconds(GAMESERVERS_PING_REFRESH).
ApplicationManager.PingGameServersCoroutine - WaitForSeconds(GAMESERVERS_PING_REFRESH) ENDED.
ApplicationManager.PingGameServersCoroutine - Wait WorldNetworkManager.IsConnected()
ApplicationManager.PingGameServersCoroutine - WorldNetworkManager.IsConnected() return true.
NetworkUtilities - PingTcp - 54.254.194.167 - START
NetworkUtilities - PingTcp - 54.254.194.167 - ConnectAsync
Message [<color=magenta>GO_TO_INGAME</color>] to State [<color=yellow>DeckSelectionState</color>]
ChangeState[<color=yellow>DeckSelectionState</color>]->[<color=green>IngameState</color>]
Unloading 2 Unused Serialized files (Serialized files now loaded: 16)

Unloading 39 unused Assets to reduce memory usage. Loaded Objects now: 21119.
Total: 138.850000 ms (FindLiveObjects: 3.011000 ms CreateObjectMapping: 1.160000 ms MarkObjects: 134.417000 ms  DeleteObjects: 0.262000 ms)

Scene[<color=orange>INGAME</color>] loading time = <color=cyan>2.8685</color>
RequestAuthTokenCoroutineGameServer
{
    "serverType": 1,
    "serverIp": "game1-eu-prod.faeria.com",
    "serverPort": 2302,
    "usesWebSockets": true,
    "token": "",
    "ownedDlcIds": "",
    "nonce": 0,
    "httpErrorCode": 0,
    "errorCode": 0,
    "isInitialised": false,
    "isAuthenticated": false,
    "infraType": 0,
    "forceServerIp": ""
}
[INFO]: Obtained steam authticket
Token for <color=white>game1-eu-prod.faeria.com</color>:
14000000E16F633267ABE58ACBAE270101001001B6FDA4611800000001000000020000005C492D301009D10766C3B60105000000D00000005000000004000000CBAE270101001001040F060058CBA72D7144A8C000000000B861A2613811BE610100EE5104000500886F0D000000896F0D000000A4570E000000EE760E0000000A18100000000000B420D5605BE4CB0905C40AA1C4D7F37FC09B0090560190FCF2F046221ACA668BE8306006EAAF431E30747979BB78B8F3FA1C9C773C90B4B21CBE58A85040DC31DED5F92CCB2DC09C45314A698BB7E608F9F21E378CDE35BC3D6DE28D31D95BDB732D3BA9F8E35CAE6E3809D7B624A962ED35C4E5F26ACCB929ED2C5CC01FF689
ApplicationManager.PingGameServersCoroutine - WaitForSeconds(GAMESERVERS_PING_REFRESH) ENDED.
ApplicationManager.PingGameServersCoroutine - Wait WorldNetworkManager.IsConnected()
ApplicationManager.PingGameServersCoroutine - WaitForSeconds(GAMESERVERS_PING_REFRESH) ENDED.
ApplicationManager.PingGameServersCoroutine - Wait WorldNetworkManager.IsConnected()
ApplicationManager.PingGameServersCoroutine - WorldNetworkManager.IsConnected() return true.
NetworkUtilities - PingTcp - 54.226.176.175 - START
ApplicationManager.PingGameServersCoroutine - WorldNetworkManager.IsConnected() return true.
NetworkUtilities - PingTcp - 3.125.43.18 - START
NetworkUtilities - PingTcp - 54.226.176.175 - ConnectAsync
NetworkUtilities - PingTcp - 54.226.176.175 - TrySetResult 5.5599
NetworkUtilities - PingTcp - 3.125.43.18 - ConnectAsync
NetworkUtilities - PingTcp - 3.125.43.18 - TrySetResult 4.9535
ApplicationManager.PingGameServersCoroutine - WaitForSeconds(GAMESERVERS_PING_REFRESH).
ApplicationManager.PingGameServersCoroutine - WaitForSeconds(GAMESERVERS_PING_REFRESH).
Linux does not yet support bringing Faeria to front
<color=yellow>PlayIngameDynamicMusic</color>
<color=yellow>PlayIngameDynamicMusic</color>
ApplicationManager.PingGameServersCoroutine - WaitForSeconds(GAMESERVERS_PING_REFRESH) ENDED.
ApplicationManager.PingGameServersCoroutine - Wait WorldNetworkManager.IsConnected()
ApplicationManager.PingGameServersCoroutine - WorldNetworkManager.IsConnected() return true.
NetworkUtilities - PingTcp - 54.226.176.175 - START
ApplicationManager.PingGameServersCoroutine - WaitForSeconds(GAMESERVERS_PING_REFRESH) ENDED.
ApplicationManager.PingGameServersCoroutine - Wait WorldNetworkManager.IsConnected()
NetworkUtilities - PingTcp - 54.226.176.175 - ConnectAsync
NetworkUtilities - PingTcp - 54.226.176.175 - TrySetResult 7.4622
ApplicationManager.PingGameServersCoroutine - WorldNetworkManager.IsConnected() return true.
NetworkUtilities - PingTcp - 3.125.43.18 - START
NetworkUtilities - PingTcp - 3.125.43.18 - ConnectAsync
NetworkUtilities - PingTcp - 3.125.43.18 - TrySetResult 8.6949
ApplicationManager.PingGameServersCoroutine - WaitForSeconds(GAMESERVERS_PING_REFRESH).
ApplicationManager.PingGameServersCoroutine - WaitForSeconds(GAMESERVERS_PING_REFRESH).
NetworkUtilities - PingTcp - 54.254.194.167 - Exception System.Net.Sockets.SocketException (0x80004005): Connection timed out
  at System.Net.Sockets.TcpClient.Connect (System.String hostname, System.Int32 port) [0x0019d] in <245cba593bdc463bacb144cf356a8b4b>:0 
  at Abrakam.NetworkUtilities+<>c__DisplayClass12_0.<PingTcp>b__0 (System.Object state) [0x0002d] in <9e7db509c3c94e2bb6d090483cb7e0bf>:0 
ApplicationManager.PingGameServersCoroutine - WaitForSeconds(GAMESERVERS_PING_REFRESH).
ApplicationManager.PingGameServersCoroutine - WaitForSeconds(GAMESERVERS_PING_REFRESH) ENDED.
ApplicationManager.PingGameServersCoroutine - Wait WorldNetworkManager.IsConnected()
ApplicationManager.PingGameServersCoroutine - WorldNetworkManager.IsConnected() return true.
NetworkUtilities - PingTcp - 54.226.176.175 - START
NetworkUtilities - PingTcp - 54.226.176.175 - ConnectAsync
ApplicationManager.PingGameServersCoroutine - WaitForSeconds(GAMESERVERS_PING_REFRESH) ENDED.
ApplicationManager.PingGameServersCoroutine - Wait WorldNetworkManager.IsConnected()
NetworkUtilities - PingTcp - 54.226.176.175 - TrySetResult 9.4992
ApplicationManager.PingGameServersCoroutine - WorldNetworkManager.IsConnected() return true.
NetworkUtilities - PingTcp - 3.125.43.18 - START
NetworkUtilities - PingTcp - 3.125.43.18 - ConnectAsync
NetworkUtilities - PingTcp - 3.125.43.18 - TrySetResult 4.4757
ApplicationManager.PingGameServersCoroutine - WaitForSeconds(GAMESERVERS_PING_REFRESH).
ApplicationManager.PingGameServersCoroutine - WaitForSeconds(GAMESERVERS_PING_REFRESH).
LifeDecrease : (0.0, -0.2, 0.0) : locEffectStrength : 0.25
ApplicationManager.PingGameServersCoroutine - WaitForSeconds(GAMESERVERS_PING_REFRESH) ENDED.
ApplicationManager.PingGameServersCoroutine - Wait WorldNetworkManager.IsConnected()
ApplicationManager.PingGameServersCoroutine - WorldNetworkManager.IsConnected() return true.
NetworkUtilities - PingTcp - 54.254.194.167 - START
NetworkUtilities - PingTcp - 54.254.194.167 - ConnectAsync
ApplicationManager.PingGameServersCoroutine - WaitForSeconds(GAMESERVERS_PING_REFRESH) ENDED.
ApplicationManager.PingGameServersCoroutine - Wait WorldNetworkManager.IsConnected()
ApplicationManager.PingGameServersCoroutine - WorldNetworkManager.IsConnected() return true.
NetworkUtilities - PingTcp - 54.226.176.175 - START
ApplicationManager.PingGameServersCoroutine - WaitForSeconds(GAMESERVERS_PING_REFRESH) ENDED.
NetworkUtilities - PingTcp - 54.226.176.175 - ConnectAsync
ApplicationManager.PingGameServersCoroutine - Wait WorldNetworkManager.IsConnected()
NetworkUtilities - PingTcp - 54.226.176.175 - TrySetResult 7.614
ApplicationManager.PingGameServersCoroutine - WorldNetworkManager.IsConnected() return true.
NetworkUtilities - PingTcp - 3.125.43.18 - START
NetworkUtilities - PingTcp - 3.125.43.18 - ConnectAsync
NetworkUtilities - PingTcp - 3.125.43.18 - TrySetResult 6.7279
ApplicationManager.PingGameServersCoroutine - WaitForSeconds(GAMESERVERS_PING_REFRESH).
ApplicationManager.PingGameServersCoroutine - WaitForSeconds(GAMESERVERS_PING_REFRESH).
LifeDecrease : (-0.2, -0.1, 0.0) : locEffectStrength : 0.25
ApplicationManager.PingGameServersCoroutine - WaitForSeconds(GAMESERVERS_PING_REFRESH) ENDED.
ApplicationManager.PingGameServersCoroutine - Wait WorldNetworkManager.IsConnected()
ApplicationManager.PingGameServersCoroutine - WaitForSeconds(GAMESERVERS_PING_REFRESH) ENDED.
ApplicationManager.PingGameServersCoroutine - Wait WorldNetworkManager.IsConnected()
ApplicationManager.PingGameServersCoroutine - WorldNetworkManager.IsConnected() return true.
NetworkUtilities - PingTcp - 54.226.176.175 - START
ApplicationManager.PingGameServersCoroutine - WorldNetworkManager.IsConnected() return true.
NetworkUtilities - PingTcp - 3.125.43.18 - START
NetworkUtilities - PingTcp - 54.226.176.175 - ConnectAsync
NetworkUtilities - PingTcp - 3.125.43.18 - ConnectAsync
NetworkUtilities - PingTcp - 3.125.43.18 - TrySetResult 5.2946
NetworkUtilities - PingTcp - 54.226.176.175 - TrySetResult 9.2449
ApplicationManager.PingGameServersCoroutine - WaitForSeconds(GAMESERVERS_PING_REFRESH).
ApplicationManager.PingGameServersCoroutine - WaitForSeconds(GAMESERVERS_PING_REFRESH).
NetworkUtilities - PingTcp - 54.254.194.167 - Exception System.Net.Sockets.SocketException (0x80004005): Connection timed out
  at System.Net.Sockets.TcpClient.Connect (System.String hostname, System.Int32 port) [0x0019d] in <245cba593bdc463bacb144cf356a8b4b>:0 
  at Abrakam.NetworkUtilities+<>c__DisplayClass12_0.<PingTcp>b__0 (System.Object state) [0x0002d] in <9e7db509c3c94e2bb6d090483cb7e0bf>:0 
ApplicationManager.PingGameServersCoroutine - WaitForSeconds(GAMESERVERS_PING_REFRESH).
ApplicationManager.PingGameServersCoroutine - WaitForSeconds(GAMESERVERS_PING_REFRESH) ENDED.
ApplicationManager.PingGameServersCoroutine - Wait WorldNetworkManager.IsConnected()
ApplicationManager.PingGameServersCoroutine - WaitForSeconds(GAMESERVERS_PING_REFRESH) ENDED.
ApplicationManager.PingGameServersCoroutine - Wait WorldNetworkManager.IsConnected()
ApplicationManager.PingGameServersCoroutine - WorldNetworkManager.IsConnected() return true.
NetworkUtilities - PingTcp - 54.226.176.175 - START
ApplicationManager.PingGameServersCoroutine - WorldNetworkManager.IsConnected() return true.
NetworkUtilities - PingTcp - 3.125.43.18 - START
NetworkUtilities - PingTcp - 3.125.43.18 - ConnectAsync
NetworkUtilities - PingTcp - 54.226.176.175 - ConnectAsync
NetworkUtilities - PingTcp - 3.125.43.18 - TrySetResult 6.6192
NetworkUtilities - PingTcp - 54.226.176.175 - TrySetResult 10.1565
ApplicationManager.PingGameServersCoroutine - WaitForSeconds(GAMESERVERS_PING_REFRESH).
ApplicationManager.PingGameServersCoroutine - WaitForSeconds(GAMESERVERS_PING_REFRESH).
LifeDecrease : (-0.2, -0.1, 0.0) : locEffectStrength : 0.25
ApplicationManager.PingGameServersCoroutine - WaitForSeconds(GAMESERVERS_PING_REFRESH) ENDED.
ApplicationManager.PingGameServersCoroutine - Wait WorldNetworkManager.IsConnected()
ApplicationManager.PingGameServersCoroutine - WorldNetworkManager.IsConnected() return true.
NetworkUtilities - PingTcp - 54.254.194.167 - START
NetworkUtilities - PingTcp - 54.254.194.167 - ConnectAsync
ApplicationManager.PingGameServersCoroutine - WaitForSeconds(GAMESERVERS_PING_REFRESH) ENDED.
ApplicationManager.PingGameServersCoroutine - Wait WorldNetworkManager.IsConnected()
ApplicationManager.PingGameServersCoroutine - WaitForSeconds(GAMESERVERS_PING_REFRESH) ENDED.
ApplicationManager.PingGameServersCoroutine - Wait WorldNetworkManager.IsConnected()
ApplicationManager.PingGameServersCoroutine - WorldNetworkManager.IsConnected() return true.
NetworkUtilities - PingTcp - 54.226.176.175 - START
ApplicationManager.PingGameServersCoroutine - WorldNetworkManager.IsConnected() return true.
NetworkUtilities - PingTcp - 3.125.43.18 - START
NetworkUtilities - PingTcp - 54.226.176.175 - ConnectAsync
NetworkUtilities - PingTcp - 3.125.43.18 - ConnectAsync
NetworkUtilities - PingTcp - 54.226.176.175 - TrySetResult 7.426
NetworkUtilities - PingTcp - 3.125.43.18 - TrySetResult 7.3266
ApplicationManager.PingGameServersCoroutine - WaitForSeconds(GAMESERVERS_PING_REFRESH).
ApplicationManager.PingGameServersCoroutine - WaitForSeconds(GAMESERVERS_PING_REFRESH).
ApplicationManager.PingGameServersCoroutine - WaitForSeconds(GAMESERVERS_PING_REFRESH) ENDED.
ApplicationManager.PingGameServersCoroutine - Wait WorldNetworkManager.IsConnected()
ApplicationManager.PingGameServersCoroutine - WaitForSeconds(GAMESERVERS_PING_REFRESH) ENDED.
ApplicationManager.PingGameServersCoroutine - Wait WorldNetworkManager.IsConnected()
ApplicationManager.PingGameServersCoroutine - WorldNetworkManager.IsConnected() return true.
NetworkUtilities - PingTcp - 54.226.176.175 - START
ApplicationManager.PingGameServersCoroutine - WorldNetworkManager.IsConnected() return true.
NetworkUtilities - PingTcp - 3.125.43.18 - START
NetworkUtilities - PingTcp - 54.226.176.175 - ConnectAsync
NetworkUtilities - PingTcp - 3.125.43.18 - ConnectAsync
NetworkUtilities - PingTcp - 54.226.176.175 - TrySetResult 5.2103
NetworkUtilities - PingTcp - 3.125.43.18 - TrySetResult 5.0894
ApplicationManager.PingGameServersCoroutine - WaitForSeconds(GAMESERVERS_PING_REFRESH).
ApplicationManager.PingGameServersCoroutine - WaitForSeconds(GAMESERVERS_PING_REFRESH).
NetworkUtilities - PingTcp - 54.254.194.167 - Exception System.Net.Sockets.SocketException (0x80004005): Connection timed out
  at System.Net.Sockets.TcpClient.Connect (System.String hostname, System.Int32 port) [0x0019d] in <245cba593bdc463bacb144cf356a8b4b>:0 
  at Abrakam.NetworkUtilities+<>c__DisplayClass12_0.<PingTcp>b__0 (System.Object state) [0x0002d] in <9e7db509c3c94e2bb6d090483cb7e0bf>:0 
ApplicationManager.PingGameServersCoroutine - WaitForSeconds(GAMESERVERS_PING_REFRESH).
LifeDecrease : (0.0, -0.2, 0.0) : locEffectStrength : 0.25
ApplicationManager.PingGameServersCoroutine - WaitForSeconds(GAMESERVERS_PING_REFRESH) ENDED.
ApplicationManager.PingGameServersCoroutine - Wait WorldNetworkManager.IsConnected()
ApplicationManager.PingGameServersCoroutine - WaitForSeconds(GAMESERVERS_PING_REFRESH) ENDED.
ApplicationManager.PingGameServersCoroutine - Wait WorldNetworkManager.IsConnected()
ApplicationManager.PingGameServersCoroutine - WorldNetworkManager.IsConnected() return true.
NetworkUtilities - PingTcp - 54.226.176.175 - START
ApplicationManager.PingGameServersCoroutine - WorldNetworkManager.IsConnected() return true.
NetworkUtilities - PingTcp - 3.125.43.18 - START
NetworkUtilities - PingTcp - 54.226.176.175 - ConnectAsync
NetworkUtilities - PingTcp - 3.125.43.18 - ConnectAsync
NetworkUtilities - PingTcp - 3.125.43.18 - TrySetResult 4.993
NetworkUtilities - PingTcp - 54.226.176.175 - TrySetResult 5.1521
ApplicationManager.PingGameServersCoroutine - WaitForSeconds(GAMESERVERS_PING_REFRESH).
ApplicationManager.PingGameServersCoroutine - WaitForSeconds(GAMESERVERS_PING_REFRESH).
ApplicationManager.PingGameServersCoroutine - WaitForSeconds(GAMESERVERS_PING_REFRESH) ENDED.
ApplicationManager.PingGameServersCoroutine - Wait WorldNetworkManager.IsConnected()
ApplicationManager.PingGameServersCoroutine - WorldNetworkManager.IsConnected() return true.
NetworkUtilities - PingTcp - 54.254.194.167 - START
NetworkUtilities - PingTcp - 54.254.194.167 - ConnectAsync
LifeDecrease : (-0.3, -0.2, 0.0) : locEffectStrength : 0.35
ApplicationManager.PingGameServersCoroutine - WaitForSeconds(GAMESERVERS_PING_REFRESH) ENDED.
ApplicationManager.PingGameServersCoroutine - Wait WorldNetworkManager.IsConnected()
ApplicationManager.PingGameServersCoroutine - WaitForSeconds(GAMESERVERS_PING_REFRESH) ENDED.
ApplicationManager.PingGameServersCoroutine - Wait WorldNetworkManager.IsConnected()
ApplicationManager.PingGameServersCoroutine - WorldNetworkManager.IsConnected() return true.
NetworkUtilities - PingTcp - 54.226.176.175 - START
ApplicationManager.PingGameServersCoroutine - WorldNetworkManager.IsConnected() return true.
NetworkUtilities - PingTcp - 3.125.43.18 - START
NetworkUtilities - PingTcp - 54.226.176.175 - ConnectAsync
NetworkUtilities - PingTcp - 3.125.43.18 - ConnectAsync
NetworkUtilities - PingTcp - 3.125.43.18 - TrySetResult 4.2681
NetworkUtilities - PingTcp - 54.226.176.175 - TrySetResult 4.2883
ApplicationManager.PingGameServersCoroutine - WaitForSeconds(GAMESERVERS_PING_REFRESH).
ApplicationManager.PingGameServersCoroutine - WaitForSeconds(GAMESERVERS_PING_REFRESH).
LifeDecrease : (0.0, -0.2, 0.0) : locEffectStrength : 0.25
ApplicationManager.PingGameServersCoroutine - WaitForSeconds(GAMESERVERS_PING_REFRESH) ENDED.
ApplicationManager.PingGameServersCoroutine - Wait WorldNetworkManager.IsConnected()
ApplicationManager.PingGameServersCoroutine - WaitForSeconds(GAMESERVERS_PING_REFRESH) ENDED.
ApplicationManager.PingGameServersCoroutine - Wait WorldNetworkManager.IsConnected()
ApplicationManager.PingGameServersCoroutine - WorldNetworkManager.IsConnected() return true.
NetworkUtilities - PingTcp - 54.226.176.175 - START
ApplicationManager.PingGameServersCoroutine - WorldNetworkManager.IsConnected() return true.
NetworkUtilities - PingTcp - 3.125.43.18 - START
NetworkUtilities - PingTcp - 54.226.176.175 - ConnectAsync
NetworkUtilities - PingTcp - 3.125.43.18 - ConnectAsync
NetworkUtilities - PingTcp - 54.226.176.175 - TrySetResult 5.2776
NetworkUtilities - PingTcp - 3.125.43.18 - TrySetResult 5.6302
ApplicationManager.PingGameServersCoroutine - WaitForSeconds(GAMESERVERS_PING_REFRESH).
ApplicationManager.PingGameServersCoroutine - WaitForSeconds(GAMESERVERS_PING_REFRESH).
LifeDecrease : (0.0, 0.2, 0.0) : locEffectStrength : 0.25
NetworkUtilities - PingTcp - 54.254.194.167 - Exception System.Net.Sockets.SocketException (0x80004005): Connection timed out
  at System.Net.Sockets.TcpClient.Connect (System.String hostname, System.Int32 port) [0x0019d] in <245cba593bdc463bacb144cf356a8b4b>:0 
  at Abrakam.NetworkUtilities+<>c__DisplayClass12_0.<PingTcp>b__0 (System.Object state) [0x0002d] in <9e7db509c3c94e2bb6d090483cb7e0bf>:0 
ApplicationManager.PingGameServersCoroutine - WaitForSeconds(GAMESERVERS_PING_REFRESH).
ApplicationManager.PingGameServersCoroutine - WaitForSeconds(GAMESERVERS_PING_REFRESH) ENDED.
ApplicationManager.PingGameServersCoroutine - Wait WorldNetworkManager.IsConnected()
ApplicationManager.PingGameServersCoroutine - WaitForSeconds(GAMESERVERS_PING_REFRESH) ENDED.
ApplicationManager.PingGameServersCoroutine - Wait WorldNetworkManager.IsConnected()
ApplicationManager.PingGameServersCoroutine - WorldNetworkManager.IsConnected() return true.
NetworkUtilities - PingTcp - 54.226.176.175 - START
ApplicationManager.PingGameServersCoroutine - WorldNetworkManager.IsConnected() return true.
NetworkUtilities - PingTcp - 3.125.43.18 - START
NetworkUtilities - PingTcp - 3.125.43.18 - ConnectAsync
NetworkUtilities - PingTcp - 54.226.176.175 - ConnectAsync
NetworkUtilities - PingTcp - 54.226.176.175 - TrySetResult 4.4924
NetworkUtilities - PingTcp - 3.125.43.18 - TrySetResult 4.48
ApplicationManager.PingGameServersCoroutine - WaitForSeconds(GAMESERVERS_PING_REFRESH).
ApplicationManager.PingGameServersCoroutine - WaitForSeconds(GAMESERVERS_PING_REFRESH).
LifeDecrease : (0.3, 0.1, 0.0) : locEffectStrength : 0.35
LifeDecrease : (-0.2, 0.1, 0.0) : locEffectStrength : 0.25
ApplicationManager.PingGameServersCoroutine - WaitForSeconds(GAMESERVERS_PING_REFRESH) ENDED.
ApplicationManager.PingGameServersCoroutine - Wait WorldNetworkManager.IsConnected()
ApplicationManager.PingGameServersCoroutine - WorldNetworkManager.IsConnected() return true.
NetworkUtilities - PingTcp - 54.254.194.167 - START
NetworkUtilities - PingTcp - 54.254.194.167 - ConnectAsync
ApplicationManager.PingGameServersCoroutine - WaitForSeconds(GAMESERVERS_PING_REFRESH) ENDED.
ApplicationManager.PingGameServersCoroutine - Wait WorldNetworkManager.IsConnected()
ApplicationManager.PingGameServersCoroutine - WaitForSeconds(GAMESERVERS_PING_REFRESH) ENDED.
ApplicationManager.PingGameServersCoroutine - Wait WorldNetworkManager.IsConnected()
ApplicationManager.PingGameServersCoroutine - WorldNetworkManager.IsConnected() return true.
NetworkUtilities - PingTcp - 54.226.176.175 - START
ApplicationManager.PingGameServersCoroutine - WorldNetworkManager.IsConnected() return true.
NetworkUtilities - PingTcp - 3.125.43.18 - START
NetworkUtilities - PingTcp - 3.125.43.18 - ConnectAsync
NetworkUtilities - PingTcp - 54.226.176.175 - ConnectAsync
NetworkUtilities - PingTcp - 3.125.43.18 - TrySetResult 6.2108
NetworkUtilities - PingTcp - 54.226.176.175 - TrySetResult 6.2204
ApplicationManager.PingGameServersCoroutine - WaitForSeconds(GAMESERVERS_PING_REFRESH).
ApplicationManager.PingGameServersCoroutine - WaitForSeconds(GAMESERVERS_PING_REFRESH).
ApplicationManager.PingGameServersCoroutine - WaitForSeconds(GAMESERVERS_PING_REFRESH) ENDED.
ApplicationManager.PingGameServersCoroutine - Wait WorldNetworkManager.IsConnected()
ApplicationManager.PingGameServersCoroutine - WaitForSeconds(GAMESERVERS_PING_REFRESH) ENDED.
ApplicationManager.PingGameServersCoroutine - Wait WorldNetworkManager.IsConnected()
ApplicationManager.PingGameServersCoroutine - WorldNetworkManager.IsConnected() return true.
NetworkUtilities - PingTcp - 54.226.176.175 - START
ApplicationManager.PingGameServersCoroutine - WorldNetworkManager.IsConnected() return true.
NetworkUtilities - PingTcp - 3.125.43.18 - START
NetworkUtilities - PingTcp - 3.125.43.18 - ConnectAsync
NetworkUtilities - PingTcp - 54.226.176.175 - ConnectAsync
NetworkUtilities - PingTcp - 3.125.43.18 - TrySetResult 7.5581
NetworkUtilities - PingTcp - 54.226.176.175 - TrySetResult 7.6976
ApplicationManager.PingGameServersCoroutine - WaitForSeconds(GAMESERVERS_PING_REFRESH).
ApplicationManager.PingGameServersCoroutine - WaitForSeconds(GAMESERVERS_PING_REFRESH).
LifeDecrease : (-0.7, 0.1, 0.0) : locEffectStrength : 0.7
TOOLTIP_GREEN does not exists in default dictionary : English
 
(Filename: ./Runtime/Export/Debug.bindings.h Line: 45)

NetworkUtilities - PingTcp - 54.254.194.167 - Exception System.Net.Sockets.SocketException (0x80004005): Connection timed out
  at System.Net.Sockets.TcpClient.Connect (System.String hostname, System.Int32 port) [0x0019d] in <245cba593bdc463bacb144cf356a8b4b>:0 
  at Abrakam.NetworkUtilities+<>c__DisplayClass12_0.<PingTcp>b__0 (System.Object state) [0x0002d] in <9e7db509c3c94e2bb6d090483cb7e0bf>:0 
ApplicationManager.PingGameServersCoroutine - WaitForSeconds(GAMESERVERS_PING_REFRESH).
ApplicationManager.PingGameServersCoroutine - WaitForSeconds(GAMESERVERS_PING_REFRESH) ENDED.
ApplicationManager.PingGameServersCoroutine - Wait WorldNetworkManager.IsConnected()
ApplicationManager.PingGameServersCoroutine - WaitForSeconds(GAMESERVERS_PING_REFRESH) ENDED.
ApplicationManager.PingGameServersCoroutine - Wait WorldNetworkManager.IsConnected()
ApplicationManager.PingGameServersCoroutine - WorldNetworkManager.IsConnected() return true.
NetworkUtilities - PingTcp - 54.226.176.175 - START
ApplicationManager.PingGameServersCoroutine - WorldNetworkManager.IsConnected() return true.
NetworkUtilities - PingTcp - 3.125.43.18 - START
NetworkUtilities - PingTcp - 54.226.176.175 - ConnectAsync
NetworkUtilities - PingTcp - 3.125.43.18 - ConnectAsync
NetworkUtilities - PingTcp - 3.125.43.18 - TrySetResult 6.8437
NetworkUtilities - PingTcp - 54.226.176.175 - TrySetResult 6.9809
ApplicationManager.PingGameServersCoroutine - WaitForSeconds(GAMESERVERS_PING_REFRESH).
ApplicationManager.PingGameServersCoroutine - WaitForSeconds(GAMESERVERS_PING_REFRESH).
ApplicationManager.PingGameServersCoroutine - WaitForSeconds(GAMESERVERS_PING_REFRESH) ENDED.
ApplicationManager.PingGameServersCoroutine - Wait WorldNetworkManager.IsConnected()
ApplicationManager.PingGameServersCoroutine - WorldNetworkManager.IsConnected() return true.
NetworkUtilities - PingTcp - 54.254.194.167 - START
NetworkUtilities - PingTcp - 54.254.194.167 - ConnectAsync
ApplicationManager.PingGameServersCoroutine - WaitForSeconds(GAMESERVERS_PING_REFRESH) ENDED.
ApplicationManager.PingGameServersCoroutine - Wait WorldNetworkManager.IsConnected()
ApplicationManager.PingGameServersCoroutine - WaitForSeconds(GAMESERVERS_PING_REFRESH) ENDED.
ApplicationManager.PingGameServersCoroutine - Wait WorldNetworkManager.IsConnected()
ApplicationManager.PingGameServersCoroutine - WorldNetworkManager.IsConnected() return true.
NetworkUtilities - PingTcp - 54.226.176.175 - START
ApplicationManager.PingGameServersCoroutine - WorldNetworkManager.IsConnected() return true.
NetworkUtilities - PingTcp - 3.125.43.18 - START
NetworkUtilities - PingTcp - 54.226.176.175 - ConnectAsync
NetworkUtilities - PingTcp - 3.125.43.18 - ConnectAsync
NetworkUtilities - PingTcp - 54.226.176.175 - TrySetResult 6.249
NetworkUtilities - PingTcp - 3.125.43.18 - TrySetResult 6.1965
ApplicationManager.PingGameServersCoroutine - WaitForSeconds(GAMESERVERS_PING_REFRESH).
ApplicationManager.PingGameServersCoroutine - WaitForSeconds(GAMESERVERS_PING_REFRESH).
LifeDecrease : (0.0, -0.7, 0.0) : locEffectStrength : 0.7
LifeDecrease : (-0.4, 0.0, 0.0) : locEffectStrength : 0.4
ApplicationManager.PingGameServersCoroutine - WaitForSeconds(GAMESERVERS_PING_REFRESH) ENDED.
ApplicationManager.PingGameServersCoroutine - Wait WorldNetworkManager.IsConnected()
ApplicationManager.PingGameServersCoroutine - WaitForSeconds(GAMESERVERS_PING_REFRESH) ENDED.
ApplicationManager.PingGameServersCoroutine - Wait WorldNetworkManager.IsConnected()
ApplicationManager.PingGameServersCoroutine - WorldNetworkManager.IsConnected() return true.
NetworkUtilities - PingTcp - 54.226.176.175 - START
ApplicationManager.PingGameServersCoroutine - WorldNetworkManager.IsConnected() return true.
NetworkUtilities - PingTcp - 3.125.43.18 - START
NetworkUtilities - PingTcp - 54.226.176.175 - ConnectAsync
NetworkUtilities - PingTcp - 3.125.43.18 - ConnectAsync
NetworkUtilities - PingTcp - 54.226.176.175 - TrySetResult 7.8744
NetworkUtilities - PingTcp - 3.125.43.18 - TrySetResult 7.8132
ApplicationManager.PingGameServersCoroutine - WaitForSeconds(GAMESERVERS_PING_REFRESH).
ApplicationManager.PingGameServersCoroutine - WaitForSeconds(GAMESERVERS_PING_REFRESH).
LifeDecrease : (-0.3, 0.0, 0.0) : locEffectStrength : 0.3
LifeDecrease : (0.0, 0.8, 0.0) : locEffectStrength : 0.85
ApplicationManager.PingGameServersCoroutine - WaitForSeconds(GAMESERVERS_PING_REFRESH) ENDED.
ApplicationManager.PingGameServersCoroutine - Wait WorldNetworkManager.IsConnected()
ApplicationManager.PingGameServersCoroutine - WaitForSeconds(GAMESERVERS_PING_REFRESH) ENDED.
ApplicationManager.PingGameServersCoroutine - Wait WorldNetworkManager.IsConnected()
ApplicationManager.PingGameServersCoroutine - WorldNetworkManager.IsConnected() return true.
NetworkUtilities - PingTcp - 54.226.176.175 - START
ApplicationManager.PingGameServersCoroutine - WorldNetworkManager.IsConnected() return true.
NetworkUtilities - PingTcp - 3.125.43.18 - START
NetworkUtilities - PingTcp - 3.125.43.18 - ConnectAsync
NetworkUtilities - PingTcp - 54.226.176.175 - ConnectAsync
NetworkUtilities - PingTcp - 3.125.43.18 - TrySetResult 5.489
NetworkUtilities - PingTcp - 54.226.176.175 - TrySetResult 5.5466
ApplicationManager.PingGameServersCoroutine - WaitForSeconds(GAMESERVERS_PING_REFRESH).
ApplicationManager.PingGameServersCoroutine - WaitForSeconds(GAMESERVERS_PING_REFRESH).
NetworkUtilities - PingTcp - 54.254.194.167 - Exception System.Net.Sockets.SocketException (0x80004005): Connection timed out
  at System.Net.Sockets.TcpClient.Connect (System.String hostname, System.Int32 port) [0x0019d] in <245cba593bdc463bacb144cf356a8b4b>:0 
  at Abrakam.NetworkUtilities+<>c__DisplayClass12_0.<PingTcp>b__0 (System.Object state) [0x0002d] in <9e7db509c3c94e2bb6d090483cb7e0bf>:0 
ApplicationManager.PingGameServersCoroutine - WaitForSeconds(GAMESERVERS_PING_REFRESH).
LifeDecrease : (0.0, -0.8, 0.0) : locEffectStrength : 0.85
Add faeria friend social user. FaeriaId: 572015, PlatformId: 76561198257816324, UserName: RoiSorcier
Not in a session when destroying one
 
(Filename: ./Runtime/Export/Debug.bindings.h Line: 45)

Message [<color=magenta>GO_TO_REWARD</color>] to State [<color=yellow>IngameState</color>]
ChangeState[<color=yellow>IngameState</color>]->[<color=green>RewardState</color>]
Unloading 3 Unused Serialized files (Serialized files now loaded: 16)

Unloading 936 unused Assets to reduce memory usage. Loaded Objects now: 21525.
Total: 192.117000 ms (FindLiveObjects: 1.502000 ms CreateObjectMapping: 0.794000 ms MarkObjects: 187.020000 ms  DeleteObjects: 2.801000 ms)

Scene[<color=orange>REWARD</color>] loading time = <color=cyan>0.4405518</color>
Message [<color=magenta>GO_TO_PLAY_MENU</color>] to State [<color=yellow>RewardState</color>]
ChangeState[<color=yellow>RewardState</color>]->[<color=green>PlayMenuState</color>]
Message [<color=magenta>GO_TO_CONSTRUCTED_MODE</color>] to State [<color=yellow>PlayMenuState</color>]
ChangeState[<color=yellow>PlayMenuState</color>]->[<color=green>DeckSelectionState</color>]
Unloading 1 Unused Serialized files (Serialized files now loaded: 18)

Unloading 43 unused Assets to reduce memory usage. Loaded Objects now: 23161.
Total: 142.112000 ms (FindLiveObjects: 1.962000 ms CreateObjectMapping: 0.919000 ms MarkObjects: 138.923000 ms  DeleteObjects: 0.307000 ms)

Scene[<color=orange>DECK_SELECTION</color>] loading time = <color=cyan>0.3117676</color>
ApplicationManager.PingGameServersCoroutine - WaitForSeconds(GAMESERVERS_PING_REFRESH) ENDED.
ApplicationManager.PingGameServersCoroutine - Wait WorldNetworkManager.IsConnected()
ApplicationManager.PingGameServersCoroutine - WaitForSeconds(GAMESERVERS_PING_REFRESH) ENDED.
ApplicationManager.PingGameServersCoroutine - Wait WorldNetworkManager.IsConnected()
ApplicationManager.PingGameServersCoroutine - WorldNetworkManager.IsConnected() return true.
NetworkUtilities - PingTcp - 54.226.176.175 - START
ApplicationManager.PingGameServersCoroutine - WorldNetworkManager.IsConnected() return true.
NetworkUtilities - PingTcp - 54.226.176.175 - ConnectAsync
NetworkUtilities - PingTcp - 3.125.43.18 - START
NetworkUtilities - PingTcp - 3.125.43.18 - ConnectAsync
NetworkUtilities - PingTcp - 3.125.43.18 - TrySetResult 7.041
NetworkUtilities - PingTcp - 54.226.176.175 - TrySetResult 7.7726
ApplicationManager.PingGameServersCoroutine - WaitForSeconds(GAMESERVERS_PING_REFRESH).
ApplicationManager.PingGameServersCoroutine - WaitForSeconds(GAMESERVERS_PING_REFRESH).
ApplicationManager.PingGameServersCoroutine - WaitForSeconds(GAMESERVERS_PING_REFRESH) ENDED.
ApplicationManager.PingGameServersCoroutine - Wait WorldNetworkManager.IsConnected()
ApplicationManager.PingGameServersCoroutine - WorldNetworkManager.IsConnected() return true.
NetworkUtilities - PingTcp - 54.254.194.167 - START
NetworkUtilities - PingTcp - 54.254.194.167 - ConnectAsync
ApplicationManager.PingGameServersCoroutine - WaitForSeconds(GAMESERVERS_PING_REFRESH) ENDED.
ApplicationManager.PingGameServersCoroutine - Wait WorldNetworkManager.IsConnected()
ApplicationManager.PingGameServersCoroutine - WaitForSeconds(GAMESERVERS_PING_REFRESH) ENDED.
ApplicationManager.PingGameServersCoroutine - Wait WorldNetworkManager.IsConnected()
ApplicationManager.PingGameServersCoroutine - WorldNetworkManager.IsConnected() return true.
NetworkUtilities - PingTcp - 54.226.176.175 - START
ApplicationManager.PingGameServersCoroutine - WorldNetworkManager.IsConnected() return true.
NetworkUtilities - PingTcp - 3.125.43.18 - START
NetworkUtilities - PingTcp - 54.226.176.175 - ConnectAsync
NetworkUtilities - PingTcp - 3.125.43.18 - ConnectAsync
NetworkUtilities - PingTcp - 54.226.176.175 - TrySetResult 7.4148
NetworkUtilities - PingTcp - 3.125.43.18 - TrySetResult 8.193
ApplicationManager.PingGameServersCoroutine - WaitForSeconds(GAMESERVERS_PING_REFRESH).
ApplicationManager.PingGameServersCoroutine - WaitForSeconds(GAMESERVERS_PING_REFRESH).
ApplicationManager.PingGameServersCoroutine - WaitForSeconds(GAMESERVERS_PING_REFRESH) ENDED.
ApplicationManager.PingGameServersCoroutine - Wait WorldNetworkManager.IsConnected()
ApplicationManager.PingGameServersCoroutine - WaitForSeconds(GAMESERVERS_PING_REFRESH) ENDED.
ApplicationManager.PingGameServersCoroutine - Wait WorldNetworkManager.IsConnected()
ApplicationManager.PingGameServersCoroutine - WorldNetworkManager.IsConnected() return true.
NetworkUtilities - PingTcp - 54.226.176.175 - START
ApplicationManager.PingGameServersCoroutine - WorldNetworkManager.IsConnected() return true.
NetworkUtilities - PingTcp - 3.125.43.18 - START
NetworkUtilities - PingTcp - 54.226.176.175 - ConnectAsync
NetworkUtilities - PingTcp - 3.125.43.18 - ConnectAsync
NetworkUtilities - PingTcp - 3.125.43.18 - TrySetResult 7.744
NetworkUtilities - PingTcp - 54.226.176.175 - TrySetResult 7.7941
ApplicationManager.PingGameServersCoroutine - WaitForSeconds(GAMESERVERS_PING_REFRESH).
ApplicationManager.PingGameServersCoroutine - WaitForSeconds(GAMESERVERS_PING_REFRESH).
NetworkUtilities - PingTcp - 54.254.194.167 - Exception System.Net.Sockets.SocketException (0x80004005): Connection timed out
  at System.Net.Sockets.TcpClient.Connect (System.String hostname, System.Int32 port) [0x0019d] in <245cba593bdc463bacb144cf356a8b4b>:0 
  at Abrakam.NetworkUtilities+<>c__DisplayClass12_0.<PingTcp>b__0 (System.Object state) [0x0002d] in <9e7db509c3c94e2bb6d090483cb7e0bf>:0 
ApplicationManager.PingGameServersCoroutine - WaitForSeconds(GAMESERVERS_PING_REFRESH).
Message [<color=magenta>GO_TO_COLLECTION</color>] to State [<color=yellow>DeckSelectionState</color>]
ChangeState[<color=yellow>DeckSelectionState</color>]->[<color=green>CollectionState</color>]
Unloading 0 Unused Serialized files (Serialized files now loaded: 16)

Unloading 39 unused Assets to reduce memory usage. Loaded Objects now: 21572.
Total: 168.436000 ms (FindLiveObjects: 3.567000 ms CreateObjectMapping: 1.668000 ms MarkObjects: 162.939000 ms  DeleteObjects: 0.262000 ms)

Scene[<color=orange>COLLECTION</color>] loading time = <color=cyan>0.536499</color>
ApplicationManager.PingGameServersCoroutine - WaitForSeconds(GAMESERVERS_PING_REFRESH) ENDED.
ApplicationManager.PingGameServersCoroutine - Wait WorldNetworkManager.IsConnected()
ApplicationManager.PingGameServersCoroutine - WaitForSeconds(GAMESERVERS_PING_REFRESH) ENDED.
ApplicationManager.PingGameServersCoroutine - Wait WorldNetworkManager.IsConnected()
ApplicationManager.PingGameServersCoroutine - WorldNetworkManager.IsConnected() return true.
NetworkUtilities - PingTcp - 54.226.176.175 - START
ApplicationManager.PingGameServersCoroutine - WorldNetworkManager.IsConnected() return true.
NetworkUtilities - PingTcp - 3.125.43.18 - START
NetworkUtilities - PingTcp - 3.125.43.18 - ConnectAsync
NetworkUtilities - PingTcp - 54.226.176.175 - ConnectAsync
NetworkUtilities - PingTcp - 3.125.43.18 - TrySetResult 7.1066
NetworkUtilities - PingTcp - 54.226.176.175 - TrySetResult 7.1691
ApplicationManager.PingGameServersCoroutine - WaitForSeconds(GAMESERVERS_PING_REFRESH).
ApplicationManager.PingGameServersCoroutine - WaitForSeconds(GAMESERVERS_PING_REFRESH).
ApplicationManager.PingGameServersCoroutine - WaitForSeconds(GAMESERVERS_PING_REFRESH) ENDED.
ApplicationManager.PingGameServersCoroutine - Wait WorldNetworkManager.IsConnected()
ApplicationManager.PingGameServersCoroutine - WorldNetworkManager.IsConnected() return true.
NetworkUtilities - PingTcp - 54.254.194.167 - START
NetworkUtilities - PingTcp - 54.254.194.167 - ConnectAsync
TOOLTIP_RED does not exists in default dictionary : English
 
(Filename: ./Runtime/Export/Debug.bindings.h Line: 45)

TOOLTIP_YELLOW does not exists in default dictionary : English
 
(Filename: ./Runtime/Export/Debug.bindings.h Line: 45)

ApplicationManager.PingGameServersCoroutine - WaitForSeconds(GAMESERVERS_PING_REFRESH) ENDED.
ApplicationManager.PingGameServersCoroutine - Wait WorldNetworkManager.IsConnected()
ApplicationManager.PingGameServersCoroutine - WaitForSeconds(GAMESERVERS_PING_REFRESH) ENDED.
ApplicationManager.PingGameServersCoroutine - Wait WorldNetworkManager.IsConnected()
ApplicationManager.PingGameServersCoroutine - WorldNetworkManager.IsConnected() return true.
NetworkUtilities - PingTcp - 54.226.176.175 - START
ApplicationManager.PingGameServersCoroutine - WorldNetworkManager.IsConnected() return true.
NetworkUtilities - PingTcp - 3.125.43.18 - START
NetworkUtilities - PingTcp - 54.226.176.175 - ConnectAsync
NetworkUtilities - PingTcp - 3.125.43.18 - ConnectAsync
NetworkUtilities - PingTcp - 3.125.43.18 - TrySetResult 8.067
NetworkUtilities - PingTcp - 54.226.176.175 - TrySetResult 8.3455
ApplicationManager.PingGameServersCoroutine - WaitForSeconds(GAMESERVERS_PING_REFRESH).
ApplicationManager.PingGameServersCoroutine - WaitForSeconds(GAMESERVERS_PING_REFRESH).
ApplicationManager.PingGameServersCoroutine - WaitForSeconds(GAMESERVERS_PING_REFRESH) ENDED.
ApplicationManager.PingGameServersCoroutine - Wait WorldNetworkManager.IsConnected()
ApplicationManager.PingGameServersCoroutine - WaitForSeconds(GAMESERVERS_PING_REFRESH) ENDED.
ApplicationManager.PingGameServersCoroutine - Wait WorldNetworkManager.IsConnected()
ApplicationManager.PingGameServersCoroutine - WorldNetworkManager.IsConnected() return true.
NetworkUtilities - PingTcp - 54.226.176.175 - START
ApplicationManager.PingGameServersCoroutine - WorldNetworkManager.IsConnected() return true.
NetworkUtilities - PingTcp - 3.125.43.18 - START
NetworkUtilities - PingTcp - 3.125.43.18 - ConnectAsync
NetworkUtilities - PingTcp - 54.226.176.175 - ConnectAsync
NetworkUtilities - PingTcp - 3.125.43.18 - TrySetResult 6.7763
NetworkUtilities - PingTcp - 54.226.176.175 - TrySetResult 6.7763
ApplicationManager.PingGameServersCoroutine - WaitForSeconds(GAMESERVERS_PING_REFRESH).
ApplicationManager.PingGameServersCoroutine - WaitForSeconds(GAMESERVERS_PING_REFRESH).
NetworkUtilities - PingTcp - 54.254.194.167 - Exception System.Net.Sockets.SocketException (0x80004005): Connection timed out
  at System.Net.Sockets.TcpClient.Connect (System.String hostname, System.Int32 port) [0x0019d] in <245cba593bdc463bacb144cf356a8b4b>:0 
  at Abrakam.NetworkUtilities+<>c__DisplayClass12_0.<PingTcp>b__0 (System.Object state) [0x0002d] in <9e7db509c3c94e2bb6d090483cb7e0bf>:0 
ApplicationManager.PingGameServersCoroutine - WaitForSeconds(GAMESERVERS_PING_REFRESH).
ApplicationManager.PingGameServersCoroutine - WaitForSeconds(GAMESERVERS_PING_REFRESH) ENDED.
ApplicationManager.PingGameServersCoroutine - Wait WorldNetworkManager.IsConnected()
ApplicationManager.PingGameServersCoroutine - WaitForSeconds(GAMESERVERS_PING_REFRESH) ENDED.
ApplicationManager.PingGameServersCoroutine - Wait WorldNetworkManager.IsConnected()
ApplicationManager.PingGameServersCoroutine - WorldNetworkManager.IsConnected() return true.
NetworkUtilities - PingTcp - 54.226.176.175 - START
ApplicationManager.PingGameServersCoroutine - WorldNetworkManager.IsConnected() return true.
NetworkUtilities - PingTcp - 3.125.43.18 - START
NetworkUtilities - PingTcp - 54.226.176.175 - ConnectAsync
NetworkUtilities - PingTcp - 3.125.43.18 - ConnectAsync
NetworkUtilities - PingTcp - 3.125.43.18 - TrySetResult 7.4259
NetworkUtilities - PingTcp - 54.226.176.175 - TrySetResult 7.6998
ApplicationManager.PingGameServersCoroutine - WaitForSeconds(GAMESERVERS_PING_REFRESH).
ApplicationManager.PingGameServersCoroutine - WaitForSeconds(GAMESERVERS_PING_REFRESH).
ApplicationManager.PingGameServersCoroutine - WaitForSeconds(GAMESERVERS_PING_REFRESH) ENDED.
ApplicationManager.PingGameServersCoroutine - Wait WorldNetworkManager.IsConnected()
ApplicationManager.PingGameServersCoroutine - WorldNetworkManager.IsConnected() return true.
NetworkUtilities - PingTcp - 54.254.194.167 - START
NetworkUtilities - PingTcp - 54.254.194.167 - ConnectAsync
ApplicationManager.PingGameServersCoroutine - WaitForSeconds(GAMESERVERS_PING_REFRESH) ENDED.
ApplicationManager.PingGameServersCoroutine - Wait WorldNetworkManager.IsConnected()
ApplicationManager.PingGameServersCoroutine - WaitForSeconds(GAMESERVERS_PING_REFRESH) ENDED.
ApplicationManager.PingGameServersCoroutine - Wait WorldNetworkManager.IsConnected()
ApplicationManager.PingGameServersCoroutine - WorldNetworkManager.IsConnected() return true.
NetworkUtilities - PingTcp - 54.226.176.175 - START
ApplicationManager.PingGameServersCoroutine - WorldNetworkManager.IsConnected() return true.
NetworkUtilities - PingTcp - 3.125.43.18 - START
NetworkUtilities - PingTcp - 3.125.43.18 - ConnectAsync
NetworkUtilities - PingTcp - 54.226.176.175 - ConnectAsync
NetworkUtilities - PingTcp - 3.125.43.18 - TrySetResult 7.9298
NetworkUtilities - PingTcp - 54.226.176.175 - TrySetResult 7.71
ApplicationManager.PingGameServersCoroutine - WaitForSeconds(GAMESERVERS_PING_REFRESH).
ApplicationManager.PingGameServersCoroutine - WaitForSeconds(GAMESERVERS_PING_REFRESH).
Curl error 6: Could not resolve host: cdp.cloud.unity3d.com

 #0 std::vector<std::vector<std::pair<int, int>, std::allocator<std::pair<int, int> > >, std::allocator<std::vector<std::pair<int, int>, std::allocator<std::pair<int, int> > > > >::~vector()
 #1 ???
 #2 std::vector<std::vector<std::pair<int, int>, std::allocator<std::pair<int, int> > >, std::allocator<std::vector<std::pair<int, int>, std::allocator<std::pair<int, int> > > > >::~vector()
 #3 std::vector<std::vector<std::pair<int, int>, std::allocator<std::pair<int, int> > >, std::allocator<std::vector<std::pair<int, int>, std::allocator<std::pair<int, int> > > > >::~vector()
 #4 std::vector<std::vector<std::pair<int, int>, std::allocator<std::pair<int, int> > >, std::allocator<std::vector<std::pair<int, int>, std::allocator<std::pair<int, int> > > > >::~vector()
 #5 operator new[](unsigned long, std::nothrow_t const&)
 #6 operator new[](unsigned long, std::nothrow_t const&)
 #7 operator new[](unsigned long, std::nothrow_t const&)
 #8 operator new[](unsigned long, std::nothrow_t const&)
 #9 operator new[](unsigned long, std::nothrow_t const&)
 #10 operator new[](unsigned long, std::nothrow_t const&)
 #11 start_thread
 #12 clone
 
(Filename:  Line: 760)

Curl error 6: Could not resolve host: cdp.cloud.unity3d.com

 #0 std::vector<std::vector<std::pair<int, int>, std::allocator<std::pair<int, int> > >, std::allocator<std::vector<std::pair<int, int>, std::allocator<std::pair<int, int> > > > >::~vector()
 #1 ???
 #2 std::vector<std::vector<std::pair<int, int>, std::allocator<std::pair<int, int> > >, std::allocator<std::vector<std::pair<int, int>, std::allocator<std::pair<int, int> > > > >::~vector()
 #3 std::vector<std::vector<std::pair<int, int>, std::allocator<std::pair<int, int> > >, std::allocator<std::vector<std::pair<int, int>, std::allocator<std::pair<int, int> > > > >::~vector()
 #4 std::vector<std::vector<std::pair<int, int>, std::allocator<std::pair<int, int> > >, std::allocator<std::vector<std::pair<int, int>, std::allocator<std::pair<int, int> > > > >::~vector()
 #5 operator new[](unsigned long, std::nothrow_t const&)
 #6 operator new[](unsigned long, std::nothrow_t const&)
 #7 operator new[](unsigned long, std::nothrow_t const&)
 #8 operator new[](unsigned long, std::nothrow_t const&)
 #9 operator new[](unsigned long, std::nothrow_t const&)
 #10 operator new[](unsigned long, std::nothrow_t const&)
 #11 start_thread
 #12 clone
 
(Filename:  Line: 760)

Curl error 6: Could not resolve host: cdp.cloud.unity3d.com

 #0 std::vector<std::vector<std::pair<int, int>, std::allocator<std::pair<int, int> > >, std::allocator<std::vector<std::pair<int, int>, std::allocator<std::pair<int, int> > > > >::~vector()
 #1 ???
 #2 std::vector<std::vector<std::pair<int, int>, std::allocator<std::pair<int, int> > >, std::allocator<std::vector<std::pair<int, int>, std::allocator<std::pair<int, int> > > > >::~vector()
 #3 std::vector<std::vector<std::pair<int, int>, std::allocator<std::pair<int, int> > >, std::allocator<std::vector<std::pair<int, int>, std::allocator<std::pair<int, int> > > > >::~vector()
 #4 std::vector<std::vector<std::pair<int, int>, std::allocator<std::pair<int, int> > >, std::allocator<std::vector<std::pair<int, int>, std::allocator<std::pair<int, int> > > > >::~vector()
 #5 operator new[](unsigned long, std::nothrow_t const&)
 #6 operator new[](unsigned long, std::nothrow_t const&)
 #7 operator new[](unsigned long, std::nothrow_t const&)
 #8 operator new[](unsigned long, std::nothrow_t const&)
 #9 operator new[](unsigned long, std::nothrow_t const&)
 #10 operator new[](unsigned long, std::nothrow_t const&)
 #11 start_thread
 #12 clone
 
(Filename:  Line: 760)

@@@@@@@@@@@@@@@@ CheckActiveConnection - Will call HandleConnectionIssue - lastReceivedMessageStopwatch.ElapsedMilliseconds : 10960
WorldNetworkManager - HandleConnectionIssue
WorldNetworkManager - HandleConnectionIssue
WorldNetworkManager - HandleConnectionIssue
ApplicationManager.PingGameServersCoroutine - WaitForSeconds(GAMESERVERS_PING_REFRESH) ENDED.
ApplicationManager.PingGameServersCoroutine - Wait WorldNetworkManager.IsConnected()
ApplicationManager.PingGameServersCoroutine - WaitForSeconds(GAMESERVERS_PING_REFRESH) ENDED.
ApplicationManager.PingGameServersCoroutine - Wait WorldNetworkManager.IsConnected()
ApplicationManager.PingGameServersCoroutine - WorldNetworkManager.IsConnected() return true.
NetworkUtilities - PingTcp - 54.226.176.175 - START
ApplicationManager.PingGameServersCoroutine - WorldNetworkManager.IsConnected() return true.
NetworkUtilities - PingTcp - 3.125.43.18 - START
NetworkUtilities - PingTcp - 54.226.176.175 - ConnectAsync
NetworkUtilities - PingTcp - 3.125.43.18 - ConnectAsync
NetworkUtilities - PingTcp - 54.226.176.175 - TrySetResult 12.6006
NetworkUtilities - PingTcp - 3.125.43.18 - TrySetResult 12.5541
ApplicationManager.PingGameServersCoroutine - WaitForSeconds(GAMESERVERS_PING_REFRESH).
ApplicationManager.PingGameServersCoroutine - WaitForSeconds(GAMESERVERS_PING_REFRESH).
NetworkUtilities - PingTcp - 54.254.194.167 - Exception System.Net.Sockets.SocketException (0x80004005): Connection timed out
  at System.Net.Sockets.TcpClient.Connect (System.String hostname, System.Int32 port) [0x0019d] in <245cba593bdc463bacb144cf356a8b4b>:0 
  at Abrakam.NetworkUtilities+<>c__DisplayClass12_0.<PingTcp>b__0 (System.Object state) [0x0002d] in <9e7db509c3c94e2bb6d090483cb7e0bf>:0 
ApplicationManager.PingGameServersCoroutine - WaitForSeconds(GAMESERVERS_PING_REFRESH).
ApplicationManager.PingGameServersCoroutine - WaitForSeconds(GAMESERVERS_PING_REFRESH) ENDED.
ApplicationManager.PingGameServersCoroutine - Wait WorldNetworkManager.IsConnected()
ApplicationManager.PingGameServersCoroutine - WaitForSeconds(GAMESERVERS_PING_REFRESH) ENDED.
ApplicationManager.PingGameServersCoroutine - Wait WorldNetworkManager.IsConnected()
ApplicationManager.PingGameServersCoroutine - WorldNetworkManager.IsConnected() return true.
NetworkUtilities - PingTcp - 54.226.176.175 - START
ApplicationManager.PingGameServersCoroutine - WorldNetworkManager.IsConnected() return true.
NetworkUtilities - PingTcp - 3.125.43.18 - START
NetworkUtilities - PingTcp - 54.226.176.175 - ConnectAsync
NetworkUtilities - PingTcp - 3.125.43.18 - ConnectAsync
NetworkUtilities - PingTcp - 3.125.43.18 - TrySetResult 8.2889
NetworkUtilities - PingTcp - 54.226.176.175 - TrySetResult 8.2871
ApplicationManager.PingGameServersCoroutine - WaitForSeconds(GAMESERVERS_PING_REFRESH).
ApplicationManager.PingGameServersCoroutine - WaitForSeconds(GAMESERVERS_PING_REFRESH).
ApplicationManager.PingGameServersCoroutine - WaitForSeconds(GAMESERVERS_PING_REFRESH) ENDED.
ApplicationManager.PingGameServersCoroutine - Wait WorldNetworkManager.IsConnected()
ApplicationManager.PingGameServersCoroutine - WorldNetworkManager.IsConnected() return true.
NetworkUtilities - PingTcp - 54.254.194.167 - START
NetworkUtilities - PingTcp - 54.254.194.167 - ConnectAsync
ApplicationManager.PingGameServersCoroutine - WaitForSeconds(GAMESERVERS_PING_REFRESH) ENDED.
ApplicationManager.PingGameServersCoroutine - Wait WorldNetworkManager.IsConnected()
ApplicationManager.PingGameServersCoroutine - WaitForSeconds(GAMESERVERS_PING_REFRESH) ENDED.
ApplicationManager.PingGameServersCoroutine - Wait WorldNetworkManager.IsConnected()
ApplicationManager.PingGameServersCoroutine - WorldNetworkManager.IsConnected() return true.
NetworkUtilities - PingTcp - 54.226.176.175 - START
ApplicationManager.PingGameServersCoroutine - WorldNetworkManager.IsConnected() return true.
NetworkUtilities - PingTcp - 3.125.43.18 - START
NetworkUtilities - PingTcp - 54.226.176.175 - ConnectAsync
NetworkUtilities - PingTcp - 3.125.43.18 - ConnectAsync
NetworkUtilities - PingTcp - 54.226.176.175 - TrySetResult 9.8788
NetworkUtilities - PingTcp - 3.125.43.18 - TrySetResult 13.026
ApplicationManager.PingGameServersCoroutine - WaitForSeconds(GAMESERVERS_PING_REFRESH).
ApplicationManager.PingGameServersCoroutine - WaitForSeconds(GAMESERVERS_PING_REFRESH).
Message [<color=magenta>GO_TO_HOME</color>] to State [<color=yellow>CollectionState</color>]
ChangeState[<color=yellow>CollectionState</color>]->[<color=green>HomeState</color>]
Unloading 2 Unused Serialized files (Serialized files now loaded: 16)

Unloading 890 unused Assets to reduce memory usage. Loaded Objects now: 21717.
Total: 177.904000 ms (FindLiveObjects: 1.559000 ms CreateObjectMapping: 0.896000 ms MarkObjects: 173.903000 ms  DeleteObjects: 1.545000 ms)

Scene[<color=orange>HOME</color>] loading time = <color=cyan>0.3881836</color>
Message [<color=magenta>GO_TO_PLAY_MENU</color>] to State [<color=yellow>HomeState</color>]
ChangeState[<color=yellow>HomeState</color>]->[<color=green>PlayMenuState</color>]
Unloading 1 Unused Serialized files (Serialized files now loaded: 16)

Unloading 5 unused Assets to reduce memory usage. Loaded Objects now: 21727.
Total: 186.851000 ms (FindLiveObjects: 2.316000 ms CreateObjectMapping: 0.958000 ms MarkObjects: 183.463000 ms  DeleteObjects: 0.114000 ms)

Scene[<color=orange>PLAY_MENU</color>] loading time = <color=cyan>0.5013428</color>
Message [<color=magenta>GO_TO_CONSTRUCTED_MODE</color>] to State [<color=yellow>PlayMenuState</color>]
ChangeState[<color=yellow>PlayMenuState</color>]->[<color=green>DeckSelectionState</color>]
Unloading 1 Unused Serialized files (Serialized files now loaded: 16)

Unloading 28 unused Assets to reduce memory usage. Loaded Objects now: 21726.
Total: 188.785000 ms (FindLiveObjects: 2.690000 ms CreateObjectMapping: 1.119000 ms MarkObjects: 184.700000 ms  DeleteObjects: 0.276000 ms)

Scene[<color=orange>DECK_SELECTION</color>] loading time = <color=cyan>0.3887939</color>
NetworkUtilities - PingTcp - 54.254.194.167 - Exception System.Net.Sockets.SocketException (0x80004005): Connection timed out
  at System.Net.Sockets.TcpClient.Connect (System.String hostname, System.Int32 port) [0x0019d] in <245cba593bdc463bacb144cf356a8b4b>:0 
  at Abrakam.NetworkUtilities+<>c__DisplayClass12_0.<PingTcp>b__0 (System.Object state) [0x0002d] in <9e7db509c3c94e2bb6d090483cb7e0bf>:0 
ApplicationManager.PingGameServersCoroutine - WaitForSeconds(GAMESERVERS_PING_REFRESH).
ApplicationManager.PingGameServersCoroutine - WaitForSeconds(GAMESERVERS_PING_REFRESH) ENDED.
ApplicationManager.PingGameServersCoroutine - Wait WorldNetworkManager.IsConnected()
ApplicationManager.PingGameServersCoroutine - WaitForSeconds(GAMESERVERS_PING_REFRESH) ENDED.
ApplicationManager.PingGameServersCoroutine - Wait WorldNetworkManager.IsConnected()
ApplicationManager.PingGameServersCoroutine - WorldNetworkManager.IsConnected() return true.
NetworkUtilities - PingTcp - 54.226.176.175 - START
ApplicationManager.PingGameServersCoroutine - WorldNetworkManager.IsConnected() return true.
NetworkUtilities - PingTcp - 3.125.43.18 - START
NetworkUtilities - PingTcp - 54.226.176.175 - ConnectAsync
NetworkUtilities - PingTcp - 3.125.43.18 - ConnectAsync
NetworkUtilities - PingTcp - 54.226.176.175 - TrySetResult 9.2065
NetworkUtilities - PingTcp - 3.125.43.18 - TrySetResult 12.1253
ApplicationManager.PingGameServersCoroutine - WaitForSeconds(GAMESERVERS_PING_REFRESH).
ApplicationManager.PingGameServersCoroutine - WaitForSeconds(GAMESERVERS_PING_REFRESH).
ApplicationManager.PingGameServersCoroutine - WaitForSeconds(GAMESERVERS_PING_REFRESH) ENDED.
ApplicationManager.PingGameServersCoroutine - Wait WorldNetworkManager.IsConnected()
ApplicationManager.PingGameServersCoroutine - WorldNetworkManager.IsConnected() return true.
NetworkUtilities - PingTcp - 54.254.194.167 - START
NetworkUtilities - PingTcp - 54.254.194.167 - ConnectAsync
ApplicationManager.PingGameServersCoroutine - WaitForSeconds(GAMESERVERS_PING_REFRESH) ENDED.
ApplicationManager.PingGameServersCoroutine - Wait WorldNetworkManager.IsConnected()
ApplicationManager.PingGameServersCoroutine - WaitForSeconds(GAMESERVERS_PING_REFRESH) ENDED.
ApplicationManager.PingGameServersCoroutine - Wait WorldNetworkManager.IsConnected()
ApplicationManager.PingGameServersCoroutine - WorldNetworkManager.IsConnected() return true.
NetworkUtilities - PingTcp - 54.226.176.175 - START
ApplicationManager.PingGameServersCoroutine - WorldNetworkManager.IsConnected() return true.
NetworkUtilities - PingTcp - 3.125.43.18 - START
NetworkUtilities - PingTcp - 54.226.176.175 - ConnectAsync
NetworkUtilities - PingTcp - 3.125.43.18 - ConnectAsync
NetworkUtilities - PingTcp - 3.125.43.18 - TrySetResult 12.6094
NetworkUtilities - PingTcp - 54.226.176.175 - TrySetResult 12.5927
ApplicationManager.PingGameServersCoroutine - WaitForSeconds(GAMESERVERS_PING_REFRESH).
ApplicationManager.PingGameServersCoroutine - WaitForSeconds(GAMESERVERS_PING_REFRESH).
NetworkUtilities - PingTcp - 54.254.194.167 - Exception System.Net.Sockets.SocketException (0x80004005): Connection timed out
  at System.Net.Sockets.TcpClient.Connect (System.String hostname, System.Int32 port) [0x0019d] in <245cba593bdc463bacb144cf356a8b4b>:0 
  at Abrakam.NetworkUtilities+<>c__DisplayClass12_0.<PingTcp>b__0 (System.Object state) [0x0002d] in <9e7db509c3c94e2bb6d090483cb7e0bf>:0 
ApplicationManager.PingGameServersCoroutine - WaitForSeconds(GAMESERVERS_PING_REFRESH).
ApplicationManager.PingGameServersCoroutine - WaitForSeconds(GAMESERVERS_PING_REFRESH) ENDED.
ApplicationManager.PingGameServersCoroutine - Wait WorldNetworkManager.IsConnected()
ApplicationManager.PingGameServersCoroutine - WaitForSeconds(GAMESERVERS_PING_REFRESH) ENDED.
ApplicationManager.PingGameServersCoroutine - Wait WorldNetworkManager.IsConnected()
ApplicationManager.PingGameServersCoroutine - WorldNetworkManager.IsConnected() return true.
NetworkUtilities - PingTcp - 54.226.176.175 - START
NetworkUtilities - PingTcp - 54.226.176.175 - ConnectAsync
ApplicationManager.PingGameServersCoroutine - WorldNetworkManager.IsConnected() return true.
NetworkUtilities - PingTcp - 3.125.43.18 - START
NetworkUtilities - PingTcp - 3.125.43.18 - ConnectAsync
NetworkUtilities - PingTcp - 54.226.176.175 - TrySetResult 10.3601
NetworkUtilities - PingTcp - 3.125.43.18 - TrySetResult 9.5439
ApplicationManager.PingGameServersCoroutine - WaitForSeconds(GAMESERVERS_PING_REFRESH).
ApplicationManager.PingGameServersCoroutine - WaitForSeconds(GAMESERVERS_PING_REFRESH).
ApplicationManager.PingGameServersCoroutine - WaitForSeconds(GAMESERVERS_PING_REFRESH) ENDED.
ApplicationManager.PingGameServersCoroutine - Wait WorldNetworkManager.IsConnected()
ApplicationManager.PingGameServersCoroutine - WorldNetworkManager.IsConnected() return true.
NetworkUtilities - PingTcp - 54.254.194.167 - START
NetworkUtilities - PingTcp - 54.254.194.167 - ConnectAsync
ApplicationManager.PingGameServersCoroutine - WaitForSeconds(GAMESERVERS_PING_REFRESH) ENDED.
ApplicationManager.PingGameServersCoroutine - Wait WorldNetworkManager.IsConnected()
ApplicationManager.PingGameServersCoroutine - WaitForSeconds(GAMESERVERS_PING_REFRESH) ENDED.
ApplicationManager.PingGameServersCoroutine - Wait WorldNetworkManager.IsConnected()
ApplicationManager.PingGameServersCoroutine - WorldNetworkManager.IsConnected() return true.
NetworkUtilities - PingTcp - 54.226.176.175 - START
ApplicationManager.PingGameServersCoroutine - WorldNetworkManager.IsConnected() return true.
NetworkUtilities - PingTcp - 3.125.43.18 - START
NetworkUtilities - PingTcp - 54.226.176.175 - ConnectAsync
NetworkUtilities - PingTcp - 3.125.43.18 - ConnectAsync
NetworkUtilities - PingTcp - 54.226.176.175 - TrySetResult 11.5922
NetworkUtilities - PingTcp - 3.125.43.18 - TrySetResult 11.5649
ApplicationManager.PingGameServersCoroutine - WaitForSeconds(GAMESERVERS_PING_REFRESH).
ApplicationManager.PingGameServersCoroutine - WaitForSeconds(GAMESERVERS_PING_REFRESH).
NetworkUtilities - PingTcp - 54.254.194.167 - Exception System.Net.Sockets.SocketException (0x80004005): Connection timed out
  at System.Net.Sockets.TcpClient.Connect (System.String hostname, System.Int32 port) [0x0019d] in <245cba593bdc463bacb144cf356a8b4b>:0 
  at Abrakam.NetworkUtilities+<>c__DisplayClass12_0.<PingTcp>b__0 (System.Object state) [0x0002d] in <9e7db509c3c94e2bb6d090483cb7e0bf>:0 
ApplicationManager.PingGameServersCoroutine - WaitForSeconds(GAMESERVERS_PING_REFRESH).
ApplicationManager.PingGameServersCoroutine - WaitForSeconds(GAMESERVERS_PING_REFRESH) ENDED.
ApplicationManager.PingGameServersCoroutine - Wait WorldNetworkManager.IsConnected()
ApplicationManager.PingGameServersCoroutine - WaitForSeconds(GAMESERVERS_PING_REFRESH) ENDED.
ApplicationManager.PingGameServersCoroutine - Wait WorldNetworkManager.IsConnected()
ApplicationManager.PingGameServersCoroutine - WorldNetworkManager.IsConnected() return true.
NetworkUtilities - PingTcp - 54.226.176.175 - START
ApplicationManager.PingGameServersCoroutine - WorldNetworkManager.IsConnected() return true.
NetworkUtilities - PingTcp - 3.125.43.18 - START
NetworkUtilities - PingTcp - 54.226.176.175 - ConnectAsync
NetworkUtilities - PingTcp - 3.125.43.18 - ConnectAsync
NetworkUtilities - PingTcp - 54.226.176.175 - TrySetResult 10.8243
NetworkUtilities - PingTcp - 3.125.43.18 - TrySetResult 11.7024
ApplicationManager.PingGameServersCoroutine - WaitForSeconds(GAMESERVERS_PING_REFRESH).
ApplicationManager.PingGameServersCoroutine - WaitForSeconds(GAMESERVERS_PING_REFRESH).
ApplicationManager.PingGameServersCoroutine - WaitForSeconds(GAMESERVERS_PING_REFRESH) ENDED.
ApplicationManager.PingGameServersCoroutine - Wait WorldNetworkManager.IsConnected()
ApplicationManager.PingGameServersCoroutine - WorldNetworkManager.IsConnected() return true.
NetworkUtilities - PingTcp - 54.254.194.167 - START
NetworkUtilities - PingTcp - 54.254.194.167 - ConnectAsync
NetworkUtilities - PingTcp - 54.254.194.167 - Exception System.Net.Sockets.SocketException (0x80004005): Connection timed out
  at System.Net.Sockets.TcpClient.Connect (System.String hostname, System.Int32 port) [0x0019d] in <245cba593bdc463bacb144cf356a8b4b>:0 
  at Abrakam.NetworkUtilities+<>c__DisplayClass12_0.<PingTcp>b__0 (System.Object state) [0x0002d] in <9e7db509c3c94e2bb6d090483cb7e0bf>:0 
ApplicationManager.PingGameServersCoroutine - WaitForSeconds(GAMESERVERS_PING_REFRESH).
ApplicationManager.PingGameServersCoroutine - WaitForSeconds(GAMESERVERS_PING_REFRESH) ENDED.
ApplicationManager.PingGameServersCoroutine - Wait WorldNetworkManager.IsConnected()
ApplicationManager.PingGameServersCoroutine - WaitForSeconds(GAMESERVERS_PING_REFRESH) ENDED.
ApplicationManager.PingGameServersCoroutine - Wait WorldNetworkManager.IsConnected()
ApplicationManager.PingGameServersCoroutine - WorldNetworkManager.IsConnected() return true.
NetworkUtilities - PingTcp - 54.226.176.175 - START
ApplicationManager.PingGameServersCoroutine - WorldNetworkManager.IsConnected() return true.
NetworkUtilities - PingTcp - 3.125.43.18 - START
NetworkUtilities - PingTcp - 54.226.176.175 - ConnectAsync
NetworkUtilities - PingTcp - 3.125.43.18 - ConnectAsync
NetworkUtilities - PingTcp - 54.226.176.175 - TrySetResult 1012.1717
NetworkUtilities - PingTcp - 3.125.43.18 - TrySetResult 1012.0021
ApplicationManager.PingGameServersCoroutine - WaitForSeconds(GAMESERVERS_PING_REFRESH).
ApplicationManager.PingGameServersCoroutine - WaitForSeconds(GAMESERVERS_PING_REFRESH).
ApplicationManager.PingGameServersCoroutine - WaitForSeconds(GAMESERVERS_PING_REFRESH) ENDED.
ApplicationManager.PingGameServersCoroutine - Wait WorldNetworkManager.IsConnected()
ApplicationManager.PingGameServersCoroutine - WorldNetworkManager.IsConnected() return true.
NetworkUtilities - PingTcp - 54.254.194.167 - START
NetworkUtilities - PingTcp - 54.254.194.167 - ConnectAsync
ApplicationManager.PingGameServersCoroutine - WaitForSeconds(GAMESERVERS_PING_REFRESH) ENDED.
ApplicationManager.PingGameServersCoroutine - Wait WorldNetworkManager.IsConnected()
ApplicationManager.PingGameServersCoroutine - WaitForSeconds(GAMESERVERS_PING_REFRESH) ENDED.
ApplicationManager.PingGameServersCoroutine - Wait WorldNetworkManager.IsConnected()
ApplicationManager.PingGameServersCoroutine - WorldNetworkManager.IsConnected() return true.
NetworkUtilities - PingTcp - 54.226.176.175 - START
ApplicationManager.PingGameServersCoroutine - WorldNetworkManager.IsConnected() return true.
NetworkUtilities - PingTcp - 3.125.43.18 - START
NetworkUtilities - PingTcp - 54.226.176.175 - ConnectAsync
NetworkUtilities - PingTcp - 3.125.43.18 - ConnectAsync
NetworkUtilities - PingTcp - 54.226.176.175 - TrySetResult 10.2471
NetworkUtilities - PingTcp - 3.125.43.18 - TrySetResult 10.1318
ApplicationManager.PingGameServersCoroutine - WaitForSeconds(GAMESERVERS_PING_REFRESH).
ApplicationManager.PingGameServersCoroutine - WaitForSeconds(GAMESERVERS_PING_REFRESH).
NetworkUtilities - PingTcp - 54.254.194.167 - Exception System.Net.Sockets.SocketException (0x80004005): Connection timed out
  at System.Net.Sockets.TcpClient.Connect (System.String hostname, System.Int32 port) [0x0019d] in <245cba593bdc463bacb144cf356a8b4b>:0 
  at Abrakam.NetworkUtilities+<>c__DisplayClass12_0.<PingTcp>b__0 (System.Object state) [0x0002d] in <9e7db509c3c94e2bb6d090483cb7e0bf>:0 
ApplicationManager.PingGameServersCoroutine - WaitForSeconds(GAMESERVERS_PING_REFRESH).
ApplicationManager.PingGameServersCoroutine - WaitForSeconds(GAMESERVERS_PING_REFRESH) ENDED.
ApplicationManager.PingGameServersCoroutine - Wait WorldNetworkManager.IsConnected()
ApplicationManager.PingGameServersCoroutine - WaitForSeconds(GAMESERVERS_PING_REFRESH) ENDED.
ApplicationManager.PingGameServersCoroutine - Wait WorldNetworkManager.IsConnected()
ApplicationManager.PingGameServersCoroutine - WorldNetworkManager.IsConnected() return true.
NetworkUtilities - PingTcp - 54.226.176.175 - START
ApplicationManager.PingGameServersCoroutine - WorldNetworkManager.IsConnected() return true.
NetworkUtilities - PingTcp - 3.125.43.18 - START
NetworkUtilities - PingTcp - 54.226.176.175 - ConnectAsync
NetworkUtilities - PingTcp - 3.125.43.18 - ConnectAsync
NetworkUtilities - PingTcp - 3.125.43.18 - TrySetResult 12.861
NetworkUtilities - PingTcp - 54.226.176.175 - TrySetResult 13.0064
ApplicationManager.PingGameServersCoroutine - WaitForSeconds(GAMESERVERS_PING_REFRESH).
ApplicationManager.PingGameServersCoroutine - WaitForSeconds(GAMESERVERS_PING_REFRESH).
ApplicationManager.PingGameServersCoroutine - WaitForSeconds(GAMESERVERS_PING_REFRESH) ENDED.
ApplicationManager.PingGameServersCoroutine - Wait WorldNetworkManager.IsConnected()
ApplicationManager.PingGameServersCoroutine - WorldNetworkManager.IsConnected() return true.
NetworkUtilities - PingTcp - 54.254.194.167 - START
NetworkUtilities - PingTcp - 54.254.194.167 - ConnectAsync
ApplicationManager.PingGameServersCoroutine - WaitForSeconds(GAMESERVERS_PING_REFRESH) ENDED.
ApplicationManager.PingGameServersCoroutine - Wait WorldNetworkManager.IsConnected()
ApplicationManager.PingGameServersCoroutine - WaitForSeconds(GAMESERVERS_PING_REFRESH) ENDED.
ApplicationManager.PingGameServersCoroutine - Wait WorldNetworkManager.IsConnected()
ApplicationManager.PingGameServersCoroutine - WorldNetworkManager.IsConnected() return true.
NetworkUtilities - PingTcp - 54.226.176.175 - START
ApplicationManager.PingGameServersCoroutine - WorldNetworkManager.IsConnected() return true.
NetworkUtilities - PingTcp - 3.125.43.18 - START
NetworkUtilities - PingTcp - 3.125.43.18 - ConnectAsync
NetworkUtilities - PingTcp - 54.226.176.175 - ConnectAsync
NetworkUtilities - PingTcp - 3.125.43.18 - TrySetResult 11.5217
NetworkUtilities - PingTcp - 54.226.176.175 - TrySetResult 11.4885
ApplicationManager.PingGameServersCoroutine - WaitForSeconds(GAMESERVERS_PING_REFRESH).
ApplicationManager.PingGameServersCoroutine - WaitForSeconds(GAMESERVERS_PING_REFRESH).
NetworkUtilities - PingTcp - 54.254.194.167 - Exception System.Net.Sockets.SocketException (0x80004005): Connection timed out
  at System.Net.Sockets.TcpClient.Connect (System.String hostname, System.Int32 port) [0x0019d] in <245cba593bdc463bacb144cf356a8b4b>:0 
  at Abrakam.NetworkUtilities+<>c__DisplayClass12_0.<PingTcp>b__0 (System.Object state) [0x0002d] in <9e7db509c3c94e2bb6d090483cb7e0bf>:0 
ApplicationManager.PingGameServersCoroutine - WaitForSeconds(GAMESERVERS_PING_REFRESH).
ApplicationManager.PingGameServersCoroutine - WaitForSeconds(GAMESERVERS_PING_REFRESH) ENDED.
ApplicationManager.PingGameServersCoroutine - Wait WorldNetworkManager.IsConnected()
ApplicationManager.PingGameServersCoroutine - WaitForSeconds(GAMESERVERS_PING_REFRESH) ENDED.
ApplicationManager.PingGameServersCoroutine - Wait WorldNetworkManager.IsConnected()
ApplicationManager.PingGameServersCoroutine - WorldNetworkManager.IsConnected() return true.
NetworkUtilities - PingTcp - 54.226.176.175 - START
ApplicationManager.PingGameServersCoroutine - WorldNetworkManager.IsConnected() return true.
NetworkUtilities - PingTcp - 3.125.43.18 - START
NetworkUtilities - PingTcp - 54.226.176.175 - ConnectAsync
NetworkUtilities - PingTcp - 3.125.43.18 - ConnectAsync
NetworkUtilities - PingTcp - 54.226.176.175 - TrySetResult 17.7432
NetworkUtilities - PingTcp - 3.125.43.18 - TrySetResult 16.8506
ApplicationManager.PingGameServersCoroutine - WaitForSeconds(GAMESERVERS_PING_REFRESH).
ApplicationManager.PingGameServersCoroutine - WaitForSeconds(GAMESERVERS_PING_REFRESH).
ApplicationManager.PingGameServersCoroutine - WaitForSeconds(GAMESERVERS_PING_REFRESH) ENDED.
ApplicationManager.PingGameServersCoroutine - Wait WorldNetworkManager.IsConnected()
ApplicationManager.PingGameServersCoroutine - WorldNetworkManager.IsConnected() return true.
NetworkUtilities - PingTcp - 54.254.194.167 - START
NetworkUtilities - PingTcp - 54.254.194.167 - ConnectAsync
ApplicationManager.PingGameServersCoroutine - WaitForSeconds(GAMESERVERS_PING_REFRESH) ENDED.
ApplicationManager.PingGameServersCoroutine - Wait WorldNetworkManager.IsConnected()
ApplicationManager.PingGameServersCoroutine - WaitForSeconds(GAMESERVERS_PING_REFRESH) ENDED.
ApplicationManager.PingGameServersCoroutine - Wait WorldNetworkManager.IsConnected()
ApplicationManager.PingGameServersCoroutine - WorldNetworkManager.IsConnected() return true.
NetworkUtilities - PingTcp - 54.226.176.175 - START
ApplicationManager.PingGameServersCoroutine - WorldNetworkManager.IsConnected() return true.
NetworkUtilities - PingTcp - 3.125.43.18 - START
NetworkUtilities - PingTcp - 54.226.176.175 - ConnectAsync
NetworkUtilities - PingTcp - 3.125.43.18 - ConnectAsync
NetworkUtilities - PingTcp - 54.226.176.175 - TrySetResult 9.2402
NetworkUtilities - PingTcp - 3.125.43.18 - TrySetResult 9.8885
ApplicationManager.PingGameServersCoroutine - WaitForSeconds(GAMESERVERS_PING_REFRESH).
ApplicationManager.PingGameServersCoroutine - WaitForSeconds(GAMESERVERS_PING_REFRESH).
NetworkUtilities - PingTcp - 54.254.194.167 - Exception System.Net.Sockets.SocketException (0x80004005): Connection timed out
  at System.Net.Sockets.TcpClient.Connect (System.String hostname, System.Int32 port) [0x0019d] in <245cba593bdc463bacb144cf356a8b4b>:0 
  at Abrakam.NetworkUtilities+<>c__DisplayClass12_0.<PingTcp>b__0 (System.Object state) [0x0002d] in <9e7db509c3c94e2bb6d090483cb7e0bf>:0 
ApplicationManager.PingGameServersCoroutine - WaitForSeconds(GAMESERVERS_PING_REFRESH).
ApplicationManager.PingGameServersCoroutine - WaitForSeconds(GAMESERVERS_PING_REFRESH) ENDED.
ApplicationManager.PingGameServersCoroutine - Wait WorldNetworkManager.IsConnected()
ApplicationManager.PingGameServersCoroutine - WaitForSeconds(GAMESERVERS_PING_REFRESH) ENDED.
ApplicationManager.PingGameServersCoroutine - Wait WorldNetworkManager.IsConnected()
ApplicationManager.PingGameServersCoroutine - WorldNetworkManager.IsConnected() return true.
NetworkUtilities - PingTcp - 54.226.176.175 - START
ApplicationManager.PingGameServersCoroutine - WorldNetworkManager.IsConnected() return true.
NetworkUtilities - PingTcp - 3.125.43.18 - START
NetworkUtilities - PingTcp - 54.226.176.175 - ConnectAsync
NetworkUtilities - PingTcp - 3.125.43.18 - ConnectAsync
NetworkUtilities - PingTcp - 54.226.176.175 - TrySetResult 11.5967
NetworkUtilities - PingTcp - 3.125.43.18 - TrySetResult 13.9335
ApplicationManager.PingGameServersCoroutine - WaitForSeconds(GAMESERVERS_PING_REFRESH).
ApplicationManager.PingGameServersCoroutine - WaitForSeconds(GAMESERVERS_PING_REFRESH).
ApplicationManager.PingGameServersCoroutine - WaitForSeconds(GAMESERVERS_PING_REFRESH) ENDED.
ApplicationManager.PingGameServersCoroutine - Wait WorldNetworkManager.IsConnected()
ApplicationManager.PingGameServersCoroutine - WorldNetworkManager.IsConnected() return true.
NetworkUtilities - PingTcp - 54.254.194.167 - START
NetworkUtilities - PingTcp - 54.254.194.167 - ConnectAsync
ApplicationManager OnDestroy
NetworkUtilities - PingTcp - 54.254.194.167 - Exception System.Net.Sockets.SocketException (0x80004005): The socket is not connected
  at System.Net.Sockets.TcpClient.Connect (System.String hostname, System.Int32 port) [0x001a9] in <245cba593bdc463bacb144cf356a8b4b>:0 
  at Abrakam.NetworkUtilities+<>c__DisplayClass12_0.<PingTcp>b__0 (System.Object state) [0x0002d] in <9e7db509c3c94e2bb6d090483cb7e0bf>:0 
