
Xvnc TigerVNC 1.4.3 - built Mar  6 2015 13:50:36
Copyright (C) 1999-2015 TigerVNC Team and many others (see README.txt)
See http://www.tigervnc.org for information on TigerVNC.
Underlying X server release 11701000, The X.Org Foundation


Thu Apr  2 12:51:49 2015
 vncext:      VNC extension running!
 vncext:      Listening for VNC connections on all interface(s), port 5901
 vncext:      created VNC server for screen 0
/root/.vnc/xstartup: line 22: xrdb: command not found

Thu Apr  2 12:53:38 2015
 Connections: accepted: 47.60.38.28::16120
 SConnection: Client needs protocol version 3.8
 SConnection: Client requests security type VncAuth(2)
 VNCSConnST:  Server default pixel format depth 24 (32bpp) little-endian rgb888

Thu Apr  2 12:53:39 2015
 VNCSConnST:  Client pixel format depth 24 (32bpp) little-endian rgb888

Thu Apr  2 13:23:45 2015
 Connections: closed: 47.60.38.28::16120 (read: Connection reset by peer (104))
 SMsgWriter:  framebuffer updates 2
 SMsgWriter:    RRE rects 1, bytes 20
 SMsgWriter:    ZRLE rects 65, bytes 10247
 SMsgWriter:    raw bytes equivalent 16386552, compression ratio 1596.040908
